/home/rosuser/ros2_ws/install/robot_estimation/lib/python3.10/site-packages/robot_estimation/__init__.py
/home/rosuser/ros2_ws/install/robot_estimation/lib/python3.10/site-packages/robot_estimation/filters/complementary_filter.py
/home/rosuser/ros2_ws/install/robot_estimation/lib/python3.10/site-packages/robot_estimation/filters/imu_filter.py
/home/rosuser/ros2_ws/install/robot_estimation/lib/python3.10/site-packages/robot_estimation/filters/__init__.py
/home/rosuser/ros2_ws/install/robot_estimation/lib/python3.10/site-packages/robot_estimation/motion_model/motion_odometry.py
/home/rosuser/ros2_ws/install/robot_estimation/lib/python3.10/site-packages/robot_estimation/motion_model/wheel_rpm_publisher.py
/home/rosuser/ros2_ws/install/robot_estimation/lib/python3.10/site-packages/robot_estimation/motion_model/__init__.py
/home/rosuser/ros2_ws/install/robot_estimation/lib/python3.10/site-packages/robot_estimation/motion_model/motion_controller.py
/home/rosuser/ros2_ws/install/robot_estimation/lib/python3.10/site-packages/robot_estimation/__pycache__/__init__.cpython-310.pyc
/home/rosuser/ros2_ws/install/robot_estimation/lib/python3.10/site-packages/robot_estimation/filters/__pycache__/complementary_filter.cpython-310.pyc
/home/rosuser/ros2_ws/install/robot_estimation/lib/python3.10/site-packages/robot_estimation/filters/__pycache__/imu_filter.cpython-310.pyc
/home/rosuser/ros2_ws/install/robot_estimation/lib/python3.10/site-packages/robot_estimation/filters/__pycache__/__init__.cpython-310.pyc
/home/rosuser/ros2_ws/install/robot_estimation/lib/python3.10/site-packages/robot_estimation/motion_model/__pycache__/motion_odometry.cpython-310.pyc
/home/rosuser/ros2_ws/install/robot_estimation/lib/python3.10/site-packages/robot_estimation/motion_model/__pycache__/wheel_rpm_publisher.cpython-310.pyc
/home/rosuser/ros2_ws/install/robot_estimation/lib/python3.10/site-packages/robot_estimation/motion_model/__pycache__/__init__.cpython-310.pyc
/home/rosuser/ros2_ws/install/robot_estimation/lib/python3.10/site-packages/robot_estimation/motion_model/__pycache__/motion_controller.cpython-310.pyc
/home/rosuser/ros2_ws/install/robot_estimation/share/ament_index/resource_index/packages/robot_estimation
/home/rosuser/ros2_ws/install/robot_estimation/share/robot_estimation/package.xml
/home/rosuser/ros2_ws/install/robot_estimation/share/robot_estimation/launch/estimator.launch.py
/home/rosuser/ros2_ws/install/robot_estimation/lib/python3.10/site-packages/robot_estimation-0.0.1-py3.10.egg-info/SOURCES.txt
/home/rosuser/ros2_ws/install/robot_estimation/lib/python3.10/site-packages/robot_estimation-0.0.1-py3.10.egg-info/PKG-INFO
/home/rosuser/ros2_ws/install/robot_estimation/lib/python3.10/site-packages/robot_estimation-0.0.1-py3.10.egg-info/requires.txt
/home/rosuser/ros2_ws/install/robot_estimation/lib/python3.10/site-packages/robot_estimation-0.0.1-py3.10.egg-info/dependency_links.txt
/home/rosuser/ros2_ws/install/robot_estimation/lib/python3.10/site-packages/robot_estimation-0.0.1-py3.10.egg-info/zip-safe
/home/rosuser/ros2_ws/install/robot_estimation/lib/python3.10/site-packages/robot_estimation-0.0.1-py3.10.egg-info/entry_points.txt
/home/rosuser/ros2_ws/install/robot_estimation/lib/python3.10/site-packages/robot_estimation-0.0.1-py3.10.egg-info/top_level.txt
/home/rosuser/ros2_ws/install/robot_estimation/lib/robot_estimation/complementary_filter
/home/rosuser/ros2_ws/install/robot_estimation/lib/robot_estimation/imu_filter
/home/rosuser/ros2_ws/install/robot_estimation/lib/robot_estimation/motion_controller
/home/rosuser/ros2_ws/install/robot_estimation/lib/robot_estimation/motion_odometry
/home/rosuser/ros2_ws/install/robot_estimation/lib/robot_estimation/wheel_rpm_publisher
