running egg_info
creating ../../build/mobile_imu/mobile_imu.egg-info
writing ../../build/mobile_imu/mobile_imu.egg-info/PKG-INFO
writing dependency_links to ../../build/mobile_imu/mobile_imu.egg-info/dependency_links.txt
writing entry points to ../../build/mobile_imu/mobile_imu.egg-info/entry_points.txt
writing requirements to ../../build/mobile_imu/mobile_imu.egg-info/requires.txt
writing top-level names to ../../build/mobile_imu/mobile_imu.egg-info/top_level.txt
writing manifest file '../../build/mobile_imu/mobile_imu.egg-info/SOURCES.txt'
reading manifest file '../../build/mobile_imu/mobile_imu.egg-info/SOURCES.txt'
writing manifest file '../../build/mobile_imu/mobile_imu.egg-info/SOURCES.txt'
running build
running build_py
creating /home/rosuser/ros2_ws/build/mobile_imu/build
creating /home/rosuser/ros2_ws/build/mobile_imu/build/lib
creating /home/rosuser/ros2_ws/build/mobile_imu/build/lib/mobile_imu
copying mobile_imu/sensor_receiver.py -> /home/rosuser/ros2_ws/build/mobile_imu/build/lib/mobile_imu
copying mobile_imu/__init__.py -> /home/rosuser/ros2_ws/build/mobile_imu/build/lib/mobile_imu
copying mobile_imu/mobile_imu_filter.py -> /home/rosuser/ros2_ws/build/mobile_imu/build/lib/mobile_imu
copying mobile_imu/position_estimator.py -> /home/rosuser/ros2_ws/build/mobile_imu/build/lib/mobile_imu
running install
running install_lib
creating /home/rosuser/ros2_ws/install/mobile_imu/lib/python3.10/site-packages/mobile_imu
copying /home/rosuser/ros2_ws/build/mobile_imu/build/lib/mobile_imu/sensor_receiver.py -> /home/rosuser/ros2_ws/install/mobile_imu/lib/python3.10/site-packages/mobile_imu
copying /home/rosuser/ros2_ws/build/mobile_imu/build/lib/mobile_imu/__init__.py -> /home/rosuser/ros2_ws/install/mobile_imu/lib/python3.10/site-packages/mobile_imu
copying /home/rosuser/ros2_ws/build/mobile_imu/build/lib/mobile_imu/mobile_imu_filter.py -> /home/rosuser/ros2_ws/install/mobile_imu/lib/python3.10/site-packages/mobile_imu
copying /home/rosuser/ros2_ws/build/mobile_imu/build/lib/mobile_imu/position_estimator.py -> /home/rosuser/ros2_ws/install/mobile_imu/lib/python3.10/site-packages/mobile_imu
byte-compiling /home/rosuser/ros2_ws/install/mobile_imu/lib/python3.10/site-packages/mobile_imu/sensor_receiver.py to sensor_receiver.cpython-310.pyc
byte-compiling /home/rosuser/ros2_ws/install/mobile_imu/lib/python3.10/site-packages/mobile_imu/__init__.py to __init__.cpython-310.pyc
byte-compiling /home/rosuser/ros2_ws/install/mobile_imu/lib/python3.10/site-packages/mobile_imu/mobile_imu_filter.py to mobile_imu_filter.cpython-310.pyc
byte-compiling /home/rosuser/ros2_ws/install/mobile_imu/lib/python3.10/site-packages/mobile_imu/position_estimator.py to position_estimator.cpython-310.pyc
running install_data
creating /home/rosuser/ros2_ws/install/mobile_imu/share/ament_index
creating /home/rosuser/ros2_ws/install/mobile_imu/share/ament_index/resource_index
creating /home/rosuser/ros2_ws/install/mobile_imu/share/ament_index/resource_index/packages
copying resource/mobile_imu -> /home/rosuser/ros2_ws/install/mobile_imu/share/ament_index/resource_index/packages
copying package.xml -> /home/rosuser/ros2_ws/install/mobile_imu/share/mobile_imu
creating /home/rosuser/ros2_ws/install/mobile_imu/share/mobile_imu/launch
copying launch/mobile_imu.launch.py -> /home/rosuser/ros2_ws/install/mobile_imu/share/mobile_imu/launch
running install_egg_info
Copying ../../build/mobile_imu/mobile_imu.egg-info to /home/rosuser/ros2_ws/install/mobile_imu/lib/python3.10/site-packages/mobile_imu-0.0.1-py3.10.egg-info
running install_scripts
Installing mobile_imu_filter script to /home/rosuser/ros2_ws/install/mobile_imu/lib/mobile_imu
Installing position_estimator script to /home/rosuser/ros2_ws/install/mobile_imu/lib/mobile_imu
Installing sensor_receiver script to /home/rosuser/ros2_ws/install/mobile_imu/lib/mobile_imu
writing list of installed files to '/home/rosuser/ros2_ws/build/mobile_imu/install.log'
