[2.252s] DEBUG:colcon:Command line arguments: ['/usr/bin/colcon', 'build', '--packages-select', 'mobile_imu']
[2.252s] DEBUG:colcon:Parsed command line arguments: Namespace(log_base=None, log_level=None, verb_name='build', build_base='build', install_base='install', merge_install=False, symlink_install=False, test_result_base=None, continue_on_error=False, executor='parallel', parallel_workers=20, event_handlers=None, ignore_user_meta=False, metas=['./colcon.meta'], base_paths=['.'], packages_ignore=None, packages_ignore_regex=None, paths=None, packages_up_to=None, packages_up_to_regex=None, packages_above=None, packages_above_and_dependencies=None, packages_above_depth=None, packages_select_by_dep=None, packages_skip_by_dep=None, packages_skip_up_to=None, packages_select_build_failed=False, packages_skip_build_finished=False, packages_select_test_failures=False, packages_skip_test_passed=False, packages_select=['mobile_imu'], packages_skip=None, packages_select_regex=None, packages_skip_regex=None, packages_start=None, packages_end=None, allow_overriding=[], cmake_args=None, cmake_target=None, cmake_target_skip_unavailable=False, cmake_clean_cache=False, cmake_clean_first=False, cmake_force_configure=False, ament_cmake_args=None, catkin_cmake_args=None, catkin_skip_building_tests=False, verb_parser=<colcon_defaults.argument_parser.defaults.DefaultArgumentsDecorator object at 0x7f8294704b50>, verb_extension=<colcon_core.verb.build.BuildVerb object at 0x7f8294704700>, main=<bound method BuildVerb.main of <colcon_core.verb.build.BuildVerb object at 0x7f8294704700>>)
[2.410s] Level 1:colcon.colcon_core.package_discovery:discover_packages(colcon_meta) check parameters
[2.410s] Level 1:colcon.colcon_core.package_discovery:discover_packages(recursive) check parameters
[2.410s] Level 1:colcon.colcon_core.package_discovery:discover_packages(ignore) check parameters
[2.410s] Level 1:colcon.colcon_core.package_discovery:discover_packages(path) check parameters
[2.410s] Level 1:colcon.colcon_core.package_discovery:discover_packages(colcon_meta) discover
[2.410s] Level 1:colcon.colcon_core.package_discovery:discover_packages(recursive) discover
[2.410s] INFO:colcon.colcon_core.package_discovery:Crawling recursively for packages in '/home/rosuser/ros2_ws'
[2.410s] Level 1:colcon.colcon_core.package_identification:_identify(.) by extensions ['ignore', 'ignore_ament_install']
[2.410s] Level 1:colcon.colcon_core.package_identification:_identify(.) by extension 'ignore'
[2.411s] Level 1:colcon.colcon_core.package_identification:_identify(.) by extension 'ignore_ament_install'
[2.411s] Level 1:colcon.colcon_core.package_identification:_identify(.) by extensions ['colcon_pkg']
[2.411s] Level 1:colcon.colcon_core.package_identification:_identify(.) by extension 'colcon_pkg'
[2.411s] Level 1:colcon.colcon_core.package_identification:_identify(.) by extensions ['colcon_meta']
[2.411s] Level 1:colcon.colcon_core.package_identification:_identify(.) by extension 'colcon_meta'
[2.411s] Level 1:colcon.colcon_core.package_identification:_identify(.) by extensions ['ros']
[2.411s] Level 1:colcon.colcon_core.package_identification:_identify(.) by extension 'ros'
[2.422s] Level 1:colcon.colcon_core.package_identification:_identify(.) by extensions ['cmake', 'python']
[2.423s] Level 1:colcon.colcon_core.package_identification:_identify(.) by extension 'cmake'
[2.423s] Level 1:colcon.colcon_core.package_identification:_identify(.) by extension 'python'
[2.423s] Level 1:colcon.colcon_core.package_identification:_identify(.) by extensions ['python_setup_py']
[2.423s] Level 1:colcon.colcon_core.package_identification:_identify(.) by extension 'python_setup_py'
[2.423s] Level 1:colcon.colcon_core.package_identification:_identify(build) by extensions ['ignore', 'ignore_ament_install']
[2.423s] Level 1:colcon.colcon_core.package_identification:_identify(build) by extension 'ignore'
[2.423s] Level 1:colcon.colcon_core.package_identification:_identify(build) ignored
[2.423s] Level 1:colcon.colcon_core.package_identification:_identify(install) by extensions ['ignore', 'ignore_ament_install']
[2.423s] Level 1:colcon.colcon_core.package_identification:_identify(install) by extension 'ignore'
[2.423s] Level 1:colcon.colcon_core.package_identification:_identify(install) ignored
[2.423s] Level 1:colcon.colcon_core.package_identification:_identify(log) by extensions ['ignore', 'ignore_ament_install']
[2.423s] Level 1:colcon.colcon_core.package_identification:_identify(log) by extension 'ignore'
[2.423s] Level 1:colcon.colcon_core.package_identification:_identify(log) ignored
[2.423s] Level 1:colcon.colcon_core.package_identification:_identify(src) by extensions ['ignore', 'ignore_ament_install']
[2.423s] Level 1:colcon.colcon_core.package_identification:_identify(src) by extension 'ignore'
[2.424s] Level 1:colcon.colcon_core.package_identification:_identify(src) by extension 'ignore_ament_install'
[2.424s] Level 1:colcon.colcon_core.package_identification:_identify(src) by extensions ['colcon_pkg']
[2.424s] Level 1:colcon.colcon_core.package_identification:_identify(src) by extension 'colcon_pkg'
[2.424s] Level 1:colcon.colcon_core.package_identification:_identify(src) by extensions ['colcon_meta']
[2.424s] Level 1:colcon.colcon_core.package_identification:_identify(src) by extension 'colcon_meta'
[2.424s] Level 1:colcon.colcon_core.package_identification:_identify(src) by extensions ['ros']
[2.424s] Level 1:colcon.colcon_core.package_identification:_identify(src) by extension 'ros'
[2.424s] Level 1:colcon.colcon_core.package_identification:_identify(src) by extensions ['cmake', 'python']
[2.424s] Level 1:colcon.colcon_core.package_identification:_identify(src) by extension 'cmake'
[2.424s] Level 1:colcon.colcon_core.package_identification:_identify(src) by extension 'python'
[2.424s] Level 1:colcon.colcon_core.package_identification:_identify(src) by extensions ['python_setup_py']
[2.424s] Level 1:colcon.colcon_core.package_identification:_identify(src) by extension 'python_setup_py'
[2.424s] Level 1:colcon.colcon_core.package_identification:_identify(src/differential_drive_robot) by extensions ['ignore', 'ignore_ament_install']
[2.424s] Level 1:colcon.colcon_core.package_identification:_identify(src/differential_drive_robot) by extension 'ignore'
[2.424s] Level 1:colcon.colcon_core.package_identification:_identify(src/differential_drive_robot) by extension 'ignore_ament_install'
[2.424s] Level 1:colcon.colcon_core.package_identification:_identify(src/differential_drive_robot) by extensions ['colcon_pkg']
[2.424s] Level 1:colcon.colcon_core.package_identification:_identify(src/differential_drive_robot) by extension 'colcon_pkg'
[2.424s] Level 1:colcon.colcon_core.package_identification:_identify(src/differential_drive_robot) by extensions ['colcon_meta']
[2.424s] Level 1:colcon.colcon_core.package_identification:_identify(src/differential_drive_robot) by extension 'colcon_meta'
[2.424s] Level 1:colcon.colcon_core.package_identification:_identify(src/differential_drive_robot) by extensions ['ros']
[2.424s] Level 1:colcon.colcon_core.package_identification:_identify(src/differential_drive_robot) by extension 'ros'
[2.427s] DEBUG:colcon.colcon_core.package_identification:Package 'src/differential_drive_robot' with type 'ros.ament_python' and name 'differential_drive_robot'
[2.427s] Level 1:colcon.colcon_core.package_identification:_identify(src/mobile_imu) by extensions ['ignore', 'ignore_ament_install']
[2.427s] Level 1:colcon.colcon_core.package_identification:_identify(src/mobile_imu) by extension 'ignore'
[2.427s] Level 1:colcon.colcon_core.package_identification:_identify(src/mobile_imu) by extension 'ignore_ament_install'
[2.427s] Level 1:colcon.colcon_core.package_identification:_identify(src/mobile_imu) by extensions ['colcon_pkg']
[2.427s] Level 1:colcon.colcon_core.package_identification:_identify(src/mobile_imu) by extension 'colcon_pkg'
[2.427s] Level 1:colcon.colcon_core.package_identification:_identify(src/mobile_imu) by extensions ['colcon_meta']
[2.427s] Level 1:colcon.colcon_core.package_identification:_identify(src/mobile_imu) by extension 'colcon_meta'
[2.427s] Level 1:colcon.colcon_core.package_identification:_identify(src/mobile_imu) by extensions ['ros']
[2.427s] Level 1:colcon.colcon_core.package_identification:_identify(src/mobile_imu) by extension 'ros'
[2.428s] DEBUG:colcon.colcon_core.package_identification:Package 'src/mobile_imu' with type 'ros.ament_python' and name 'mobile_imu'
[2.428s] Level 1:colcon.colcon_core.package_identification:_identify(src/robot_estimation) by extensions ['ignore', 'ignore_ament_install']
[2.428s] Level 1:colcon.colcon_core.package_identification:_identify(src/robot_estimation) by extension 'ignore'
[2.428s] Level 1:colcon.colcon_core.package_identification:_identify(src/robot_estimation) by extension 'ignore_ament_install'
[2.428s] Level 1:colcon.colcon_core.package_identification:_identify(src/robot_estimation) by extensions ['colcon_pkg']
[2.428s] Level 1:colcon.colcon_core.package_identification:_identify(src/robot_estimation) by extension 'colcon_pkg'
[2.428s] Level 1:colcon.colcon_core.package_identification:_identify(src/robot_estimation) by extensions ['colcon_meta']
[2.428s] Level 1:colcon.colcon_core.package_identification:_identify(src/robot_estimation) by extension 'colcon_meta'
[2.428s] Level 1:colcon.colcon_core.package_identification:_identify(src/robot_estimation) by extensions ['ros']
[2.428s] Level 1:colcon.colcon_core.package_identification:_identify(src/robot_estimation) by extension 'ros'
[2.429s] DEBUG:colcon.colcon_core.package_identification:Package 'src/robot_estimation' with type 'ros.ament_python' and name 'robot_estimation'
[2.429s] Level 1:colcon.colcon_core.package_discovery:discover_packages(recursive) using defaults
[2.429s] Level 1:colcon.colcon_core.package_discovery:discover_packages(ignore) discover
[2.429s] Level 1:colcon.colcon_core.package_discovery:discover_packages(ignore) using defaults
[2.429s] Level 1:colcon.colcon_core.package_discovery:discover_packages(path) discover
[2.429s] Level 1:colcon.colcon_core.package_discovery:discover_packages(path) using defaults
[2.449s] INFO:colcon.colcon_core.package_selection:Skipping not selected package 'differential_drive_robot' in 'src/differential_drive_robot'
[2.449s] INFO:colcon.colcon_core.package_selection:Skipping not selected package 'robot_estimation' in 'src/robot_estimation'
[2.450s] Level 1:colcon.colcon_core.package_discovery:discover_packages(prefix_path) check parameters
[2.450s] Level 1:colcon.colcon_core.package_discovery:discover_packages(prefix_path) discover
[2.451s] WARNING:colcon.colcon_ros.prefix_path.ament:The path '/home/rosuser/ros2_ws/install/differential_robot' in the environment variable AMENT_PREFIX_PATH doesn't exist
[2.452s] DEBUG:colcon.colcon_installed_package_information.package_discovery:Found 3 installed packages in /home/rosuser/ros2_ws/install
[2.453s] DEBUG:colcon.colcon_installed_package_information.package_discovery:Found 323 installed packages in /opt/ros/humble
[2.465s] Level 1:colcon.colcon_core.package_discovery:discover_packages(prefix_path) using defaults
[2.505s] Level 5:colcon.colcon_core.verb:set package 'mobile_imu' build argument 'cmake_args' from command line to 'None'
[2.505s] Level 5:colcon.colcon_core.verb:set package 'mobile_imu' build argument 'cmake_target' from command line to 'None'
[2.505s] Level 5:colcon.colcon_core.verb:set package 'mobile_imu' build argument 'cmake_target_skip_unavailable' from command line to 'False'
[2.505s] Level 5:colcon.colcon_core.verb:set package 'mobile_imu' build argument 'cmake_clean_cache' from command line to 'False'
[2.505s] Level 5:colcon.colcon_core.verb:set package 'mobile_imu' build argument 'cmake_clean_first' from command line to 'False'
[2.505s] Level 5:colcon.colcon_core.verb:set package 'mobile_imu' build argument 'cmake_force_configure' from command line to 'False'
[2.505s] Level 5:colcon.colcon_core.verb:set package 'mobile_imu' build argument 'ament_cmake_args' from command line to 'None'
[2.505s] Level 5:colcon.colcon_core.verb:set package 'mobile_imu' build argument 'catkin_cmake_args' from command line to 'None'
[2.505s] Level 5:colcon.colcon_core.verb:set package 'mobile_imu' build argument 'catkin_skip_building_tests' from command line to 'False'
[2.505s] DEBUG:colcon.colcon_core.verb:Building package 'mobile_imu' with the following arguments: {'ament_cmake_args': None, 'build_base': '/home/rosuser/ros2_ws/build/mobile_imu', 'catkin_cmake_args': None, 'catkin_skip_building_tests': False, 'cmake_args': None, 'cmake_clean_cache': False, 'cmake_clean_first': False, 'cmake_force_configure': False, 'cmake_target': None, 'cmake_target_skip_unavailable': False, 'install_base': '/home/rosuser/ros2_ws/install/mobile_imu', 'merge_install': False, 'path': '/home/rosuser/ros2_ws/src/mobile_imu', 'symlink_install': False, 'test_result_base': None}
[2.506s] INFO:colcon.colcon_core.executor:Executing jobs using 'parallel' executor
[2.507s] DEBUG:colcon.colcon_parallel_executor.executor.parallel:run_until_complete
[2.508s] INFO:colcon.colcon_ros.task.ament_python.build:Building ROS package in '/home/rosuser/ros2_ws/src/mobile_imu' with build type 'ament_python'
[2.508s] Level 1:colcon.colcon_core.shell:create_environment_hook('mobile_imu', 'ament_prefix_path')
[2.510s] INFO:colcon.colcon_core.plugin_system:Skipping extension 'colcon_core.shell.bat': Not used on non-Windows systems
[2.511s] INFO:colcon.colcon_core.shell:Creating environment hook '/home/rosuser/ros2_ws/install/mobile_imu/share/mobile_imu/hook/ament_prefix_path.ps1'
[2.511s] INFO:colcon.colcon_core.shell:Creating environment descriptor '/home/rosuser/ros2_ws/install/mobile_imu/share/mobile_imu/hook/ament_prefix_path.dsv'
[2.512s] INFO:colcon.colcon_core.shell:Creating environment hook '/home/rosuser/ros2_ws/install/mobile_imu/share/mobile_imu/hook/ament_prefix_path.sh'
[2.513s] INFO:colcon.colcon_core.shell:Skip shell extension 'powershell' for command environment: Not usable outside of PowerShell
[2.513s] DEBUG:colcon.colcon_core.shell:Skip shell extension 'dsv' for command environment
[2.770s] INFO:colcon.colcon_core.task.python.build:Building Python package in '/home/rosuser/ros2_ws/src/mobile_imu'
[2.771s] INFO:colcon.colcon_core.shell:Skip shell extension 'powershell' for command environment: Not usable outside of PowerShell
[2.771s] DEBUG:colcon.colcon_core.shell:Skip shell extension 'dsv' for command environment
[3.135s] DEBUG:colcon.colcon_core.event_handler.log_command:Invoking command in '/home/rosuser/ros2_ws/src/mobile_imu': PYTHONPATH=/home/rosuser/ros2_ws/build/mobile_imu/prefix_override:/usr/lib/python3/dist-packages/colcon_core/task/python/colcon_distutils_commands:/home/rosuser/ros2_ws/install/mobile_imu/lib/python3.10/site-packages:${PYTHONPATH} /usr/bin/python3 -W ignore:setup.py install is deprecated -W ignore:easy_install command is deprecated setup.py egg_info --egg-base ../../build/mobile_imu build --build-base /home/rosuser/ros2_ws/build/mobile_imu/build install --record /home/rosuser/ros2_ws/build/mobile_imu/install.log --single-version-externally-managed install_data
[3.413s] DEBUG:colcon.colcon_core.event_handler.log_command:Invoked command in '/home/rosuser/ros2_ws/src/mobile_imu' returned '0': PYTHONPATH=/home/rosuser/ros2_ws/build/mobile_imu/prefix_override:/usr/lib/python3/dist-packages/colcon_core/task/python/colcon_distutils_commands:/home/rosuser/ros2_ws/install/mobile_imu/lib/python3.10/site-packages:${PYTHONPATH} /usr/bin/python3 -W ignore:setup.py install is deprecated -W ignore:easy_install command is deprecated setup.py egg_info --egg-base ../../build/mobile_imu build --build-base /home/rosuser/ros2_ws/build/mobile_imu/build install --record /home/rosuser/ros2_ws/build/mobile_imu/install.log --single-version-externally-managed install_data
[3.416s] Level 1:colcon.colcon_core.environment:checking '/home/rosuser/ros2_ws/install/mobile_imu' for CMake module files
[3.416s] Level 1:colcon.colcon_core.environment:checking '/home/rosuser/ros2_ws/install/mobile_imu' for CMake config files
[3.417s] Level 1:colcon.colcon_core.environment:checking '/home/rosuser/ros2_ws/install/mobile_imu/lib'
[3.417s] Level 1:colcon.colcon_core.environment:checking '/home/rosuser/ros2_ws/install/mobile_imu/bin'
[3.417s] Level 1:colcon.colcon_core.environment:checking '/home/rosuser/ros2_ws/install/mobile_imu/lib/pkgconfig/mobile_imu.pc'
[3.417s] Level 1:colcon.colcon_core.environment:checking '/home/rosuser/ros2_ws/install/mobile_imu/lib/python3.10/site-packages'
[3.417s] Level 1:colcon.colcon_core.shell:create_environment_hook('mobile_imu', 'pythonpath')
[3.417s] INFO:colcon.colcon_core.shell:Creating environment hook '/home/rosuser/ros2_ws/install/mobile_imu/share/mobile_imu/hook/pythonpath.ps1'
[3.418s] INFO:colcon.colcon_core.shell:Creating environment descriptor '/home/rosuser/ros2_ws/install/mobile_imu/share/mobile_imu/hook/pythonpath.dsv'
[3.418s] INFO:colcon.colcon_core.shell:Creating environment hook '/home/rosuser/ros2_ws/install/mobile_imu/share/mobile_imu/hook/pythonpath.sh'
[3.419s] Level 1:colcon.colcon_core.environment:checking '/home/rosuser/ros2_ws/install/mobile_imu/bin'
[3.419s] Level 1:colcon.colcon_core.environment:create_environment_scripts_only(mobile_imu)
[3.419s] INFO:colcon.colcon_core.shell:Creating package script '/home/rosuser/ros2_ws/install/mobile_imu/share/mobile_imu/package.ps1'
[3.421s] INFO:colcon.colcon_core.shell:Creating package descriptor '/home/rosuser/ros2_ws/install/mobile_imu/share/mobile_imu/package.dsv'
[3.421s] INFO:colcon.colcon_core.shell:Creating package script '/home/rosuser/ros2_ws/install/mobile_imu/share/mobile_imu/package.sh'
[3.422s] INFO:colcon.colcon_core.shell:Creating package script '/home/rosuser/ros2_ws/install/mobile_imu/share/mobile_imu/package.bash'
[3.423s] INFO:colcon.colcon_core.shell:Creating package script '/home/rosuser/ros2_ws/install/mobile_imu/share/mobile_imu/package.zsh'
[3.423s] Level 1:colcon.colcon_core.environment:create_file_with_runtime_dependencies(/home/rosuser/ros2_ws/install/mobile_imu/share/colcon-core/packages/mobile_imu)
[3.424s] DEBUG:colcon.colcon_parallel_executor.executor.parallel:closing loop
[3.424s] DEBUG:colcon.colcon_parallel_executor.executor.parallel:loop closed
[3.425s] DEBUG:colcon.colcon_parallel_executor.executor.parallel:run_until_complete finished with '0'
[3.425s] DEBUG:colcon.colcon_core.event_reactor:joining thread
[3.823s] INFO:colcon.colcon_core.plugin_system:Skipping extension 'colcon_notification.desktop_notification.notify_send': Could not find 'notify-send'
[3.823s] INFO:colcon.colcon_core.plugin_system:Skipping extension 'colcon_notification.desktop_notification.terminal_notifier': Not used on non-Darwin systems
[3.823s] INFO:colcon.colcon_core.plugin_system:Skipping extension 'colcon_notification.desktop_notification.win32': Not used on non-Windows systems
[3.823s] INFO:colcon.colcon_notification.desktop_notification:Sending desktop notification using 'notify2'
[3.823s] DEBUG:colcon.colcon_notification.desktop_notification.notify2:Failed to initialize notify2: org.freedesktop.DBus.Error.FileNotFound: Failed to connect to socket /run/user/1000/bus: No such file or directory
[3.824s] DEBUG:colcon.colcon_core.event_reactor:joined thread
[3.824s] INFO:colcon.colcon_core.shell:Creating prefix script '/home/rosuser/ros2_ws/install/local_setup.ps1'
[3.825s] INFO:colcon.colcon_core.shell:Creating prefix util module '/home/rosuser/ros2_ws/install/_local_setup_util_ps1.py'
[3.827s] INFO:colcon.colcon_core.shell:Creating prefix chain script '/home/rosuser/ros2_ws/install/setup.ps1'
[3.829s] INFO:colcon.colcon_core.shell:Creating prefix script '/home/rosuser/ros2_ws/install/local_setup.sh'
[3.830s] INFO:colcon.colcon_core.shell:Creating prefix util module '/home/rosuser/ros2_ws/install/_local_setup_util_sh.py'
[3.831s] INFO:colcon.colcon_core.shell:Creating prefix chain script '/home/rosuser/ros2_ws/install/setup.sh'
[3.832s] INFO:colcon.colcon_core.shell:Creating prefix script '/home/rosuser/ros2_ws/install/local_setup.bash'
[3.833s] INFO:colcon.colcon_core.shell:Creating prefix chain script '/home/rosuser/ros2_ws/install/setup.bash'
[3.834s] INFO:colcon.colcon_core.shell:Creating prefix script '/home/rosuser/ros2_ws/install/local_setup.zsh'
[3.834s] INFO:colcon.colcon_core.shell:Creating prefix chain script '/home/rosuser/ros2_ws/install/setup.zsh'
