[0.623s] Invoking command in '/home/rosuser/ros2_ws/src/mobile_imu': PYTHONPATH=/home/rosuser/ros2_ws/build/mobile_imu/prefix_override:/usr/lib/python3/dist-packages/colcon_core/task/python/colcon_distutils_commands:/home/rosuser/ros2_ws/install/mobile_imu/lib/python3.10/site-packages:${PYTHONPATH} /usr/bin/python3 -W ignore:setup.py install is deprecated -W ignore:easy_install command is deprecated setup.py egg_info --egg-base ../../build/mobile_imu build --build-base /home/rosuser/ros2_ws/build/mobile_imu/build install --record /home/rosuser/ros2_ws/build/mobile_imu/install.log --single-version-externally-managed install_data
[0.865s] running egg_info
[0.865s] writing ../../build/mobile_imu/mobile_imu.egg-info/PKG-INFO
[0.866s] writing dependency_links to ../../build/mobile_imu/mobile_imu.egg-info/dependency_links.txt
[0.866s] writing entry points to ../../build/mobile_imu/mobile_imu.egg-info/entry_points.txt
[0.866s] writing requirements to ../../build/mobile_imu/mobile_imu.egg-info/requires.txt
[0.866s] writing top-level names to ../../build/mobile_imu/mobile_imu.egg-info/top_level.txt
[0.868s] reading manifest file '../../build/mobile_imu/mobile_imu.egg-info/SOURCES.txt'
[0.869s] writing manifest file '../../build/mobile_imu/mobile_imu.egg-info/SOURCES.txt'
[0.869s] running build
[0.869s] running build_py
[0.869s] running install
[0.869s] running install_lib
[0.870s] running install_data
[0.871s] running install_egg_info
[0.873s] removing '/home/rosuser/ros2_ws/install/mobile_imu/lib/python3.10/site-packages/mobile_imu-0.0.1-py3.10.egg-info' (and everything under it)
[0.873s] Copying ../../build/mobile_imu/mobile_imu.egg-info to /home/rosuser/ros2_ws/install/mobile_imu/lib/python3.10/site-packages/mobile_imu-0.0.1-py3.10.egg-info
[0.874s] running install_scripts
[0.895s] Installing mobile_imu_filter script to /home/rosuser/ros2_ws/install/mobile_imu/lib/mobile_imu
[0.895s] Installing position_estimator script to /home/rosuser/ros2_ws/install/mobile_imu/lib/mobile_imu
[0.895s] Installing sensor_receiver script to /home/rosuser/ros2_ws/install/mobile_imu/lib/mobile_imu
[0.895s] writing list of installed files to '/home/rosuser/ros2_ws/build/mobile_imu/install.log'
[0.922s] Invoked command in '/home/rosuser/ros2_ws/src/mobile_imu' returned '0': PYTHONPATH=/home/rosuser/ros2_ws/build/mobile_imu/prefix_override:/usr/lib/python3/dist-packages/colcon_core/task/python/colcon_distutils_commands:/home/rosuser/ros2_ws/install/mobile_imu/lib/python3.10/site-packages:${PYTHONPATH} /usr/bin/python3 -W ignore:setup.py install is deprecated -W ignore:easy_install command is deprecated setup.py egg_info --egg-base ../../build/mobile_imu build --build-base /home/rosuser/ros2_ws/build/mobile_imu/build install --record /home/rosuser/ros2_ws/build/mobile_imu/install.log --single-version-externally-managed install_data
