running egg_info
writing ../../build/robot_estimation/robot_estimation.egg-info/PKG-INFO
writing dependency_links to ../../build/robot_estimation/robot_estimation.egg-info/dependency_links.txt
writing entry points to ../../build/robot_estimation/robot_estimation.egg-info/entry_points.txt
writing requirements to ../../build/robot_estimation/robot_estimation.egg-info/requires.txt
writing top-level names to ../../build/robot_estimation/robot_estimation.egg-info/top_level.txt
reading manifest file '../../build/robot_estimation/robot_estimation.egg-info/SOURCES.txt'
writing manifest file '../../build/robot_estimation/robot_estimation.egg-info/SOURCES.txt'
running build
running build_py
running install
running install_lib
running install_data
running install_egg_info
removing '/home/rosuser/ros2_ws/install/robot_estimation/lib/python3.10/site-packages/robot_estimation-0.0.1-py3.10.egg-info' (and everything under it)
Copying ../../build/robot_estimation/robot_estimation.egg-info to /home/rosuser/ros2_ws/install/robot_estimation/lib/python3.10/site-packages/robot_estimation-0.0.1-py3.10.egg-info
running install_scripts
Installing complementary_filter script to /home/rosuser/ros2_ws/install/robot_estimation/lib/robot_estimation
Installing imu_filter script to /home/rosuser/ros2_ws/install/robot_estimation/lib/robot_estimation
Installing motion_controller script to /home/rosuser/ros2_ws/install/robot_estimation/lib/robot_estimation
Installing motion_odometry script to /home/rosuser/ros2_ws/install/robot_estimation/lib/robot_estimation
Installing wheel_rpm_publisher script to /home/rosuser/ros2_ws/install/robot_estimation/lib/robot_estimation
writing list of installed files to '/home/rosuser/ros2_ws/build/robot_estimation/install.log'
