[0.000000] (-) TimerEvent: {}
[0.000247] (differential_drive_robot) JobQueued: {'identifier': 'differential_drive_robot', 'dependencies': OrderedDict()}
[0.001019] (robot_estimation) JobQueued: {'identifier': 'robot_estimation', 'dependencies': OrderedDict()}
[0.001887] (differential_drive_robot) JobStarted: {'identifier': 'differential_drive_robot'}
[0.006937] (robot_estimation) JobStarted: {'identifier': 'robot_estimation'}
[0.099822] (-) TimerEvent: {}
[0.200056] (-) TimerEvent: {}
[0.304400] (-) TimerEvent: {}
[0.404662] (-) TimerEvent: {}
[0.490996] (differential_drive_robot) Command: {'cmd': ['/usr/bin/python3', '-W', 'ignore:setup.py install is deprecated', '-W', 'ignore:easy_install command is deprecated', 'setup.py', 'egg_info', '--egg-base', '../../build/differential_drive_robot', 'build', '--build-base', '/home/rosuser/ros2_ws/build/differential_drive_robot/build', 'install', '--record', '/home/rosuser/ros2_ws/build/differential_drive_robot/install.log', '--single-version-externally-managed', 'install_data'], 'cwd': '/home/rosuser/ros2_ws/src/differential_drive_robot', 'env': {'USER': 'rosuser', 'SHLVL': '1', 'LD_LIBRARY_PATH': '/usr/lib/x86_64-linux-gnu/gazebo-11/plugins:/opt/ros/humble/opt/rviz_ogre_vendor/lib:/opt/ros/humble/lib/x86_64-linux-gnu:/opt/ros/humble/lib', 'HOME': '/home/rosuser', 'OLDPWD': '/home/rosuser/ros2_ws', 'ROS_PYTHON_VERSION': '3', 'DBUS_SESSION_BUS_ADDRESS': 'unix:path=/run/user/1000/bus', 'WSL_DISTRO_NAME': 'Ubuntu-22.04', 'WAYLAND_DISPLAY': 'wayland-0', 'COLCON_PREFIX_PATH': '/home/rosuser/ros2_ws/install', 'ROS_DISTRO': 'humble', 'LOGNAME': 'rosuser', 'NAME': 'DESKTOP-VAABNLN', 'WSL_INTEROP': '/run/WSL/461_interop', 'PULSE_SERVER': 'unix:/mnt/wslg/PulseServer', '_': '/usr/bin/colcon', 'ROS_VERSION': '2', 'TERM': 'xterm-256color', 'ROS_LOCALHOST_ONLY': '0', 'PATH': '/opt/ros/humble/bin:/usr/local/sbin:/usr/local/bin:/usr/sbin:/usr/bin:/sbin:/bin:/usr/games:/usr/local/games:/usr/lib/wsl/lib:/mnt/c/MinGW/bin:/mnt/c/Users/ASUS/AppData/Local/Programs/Python/Python312/Scripts/:/mnt/c/Users/ASUS/AppData/Local/Programs/Python/Python312/:/mnt/c/Program Files (x86)/VMware/VMware Workstation/bin/:/mnt/c/Windows/system32:/mnt/c/Windows:/mnt/c/Windows/System32/Wbem:/mnt/c/Windows/System32/WindowsPowerShell/v1.0/:/mnt/c/Windows/System32/OpenSSH/:/mnt/c/Program Files/dotnet/:/mnt/c/Program Files (x86)/Microsoft SQL Server/Client SDK/ODBC/110/Tools/Binn/:/mnt/c/Program Files (x86)/Microsoft SQL Server/120/Tools/Binn/:/mnt/c/Program Files (x86)/Microsoft SQL Server/120/DTS/Binn/:/mnt/c/Program Files (x86)/Common Files/Siemens/:/mnt/c/Program Files (x86)/Common Files/Siemens/Interfaces:/mnt/c/Program Files (x86)/Common Files/Siemens/ACE/Interfaces:/mnt/c/Users/ASUS/.jdks/openjdk-21/bin:/mnt/c/WINDOWS/system32:/mnt/c/WINDOWS:/mnt/c/WINDOWS/System32/Wbem:/mnt/c/WINDOWS/System32/WindowsPowerShell/v1.0/:/mnt/c/WINDOWS/System32/OpenSSH/:/mnt/c/ProgramData/chocolatey/bin:/mnt/c/Program Files/nodejs/:/mnt/c/Program Files/MongoDB/mongosh-2.2.15-win32-x64/bin:/mnt/c/Program Files/Git/cmd:/mnt/c/Program Files/PostgreSQL/17/bin:/mnt/c/Program Files/PuTTY/:/mnt/c/Program Files/Go/bin:/mnt/c/Program Files/NVIDIA Corporation/NVIDIA App/NvDLISR:/mnt/c/Program Files (x86)/NVIDIA Corporation/PhysX/Common:/mnt/c/Program Files/Docker/Docker/resources/bin:/mnt/c/mingw64/bin:/mnt/c/Users/ASUS/AppData/Local/Programs/Python/Python38/Scripts/:/mnt/c/Users/ASUS/AppData/Local/Programs/Python/Python38/:/mnt/c/Users/ASUS/AppData/Local/Programs/Python/Launcher/:/mnt/c/Users/ASUS/AppData/Local/Microsoft/WindowsApps:/mnt/c/msys64/ucrt64/bin:/mnt/c/PATH_Programs:/mnt/c/altera/13.1/modelsim_ase/win32aloem:/mnt/c/Program Files/JetBrains/PyCharm 2021.3.3/bin:/mnt/c/tools/mysql/current/bin:/mnt/c/Program Files/JetBrains/DataGrip 2024.1.4/bin:/mnt/c/Program Files/heroku/bin:/mnt/c/Users/ASUS/AppData/Roaming/npm:/mnt/c/Users/ASUS/AppData/Local/Microsoft/WinGet/Packages/Gyan.FFmpeg_Microsoft.Winget.Source_8wekyb3d8bbwe/ffmpeg-7.1-full_build/bin:/mnt/c/Users/ASUS/AppData/Local/Programs/Microsoft VS Code/bin:/mnt/c/Users/ASUS/go/bin:/mnt/c/Users/ASUS/AppData/Local/Programs/Swift/Runtimes/6.1.3/usr/bin/:/mnt/c/Users/ASUS/AppData/Local/Programs/Swift/Toolchains/6.1.3+Asserts/usr/bin/:/mnt/c/Gradle/gradle-8.13-all/gradle-8.13/bin:/mnt/c/Users/ASUS/AppData/Local/Programs/cursor/resources/app/bin:/snap/bin', 'XDG_RUNTIME_DIR': '/run/user/1000/', 'DISPLAY': ':0', 'LANG': 'en_US.UTF-8', 'AMENT_PREFIX_PATH': '/home/rosuser/ros2_ws/install/robot_estimation:/home/rosuser/ros2_ws/install/differential_drive_robot:/home/rosuser/ros2_ws/install/differential_robot:/opt/ros/humble', 'SHELL': '/bin/bash', 'PWD': '/home/rosuser/ros2_ws/build/differential_drive_robot', 'XDG_DATA_DIRS': '/usr/local/share:/usr/share:/var/lib/snapd/desktop', 'PYTHONPATH': '/home/rosuser/ros2_ws/build/differential_drive_robot/prefix_override:/usr/lib/python3/dist-packages/colcon_core/task/python/colcon_distutils_commands:/home/rosuser/ros2_ws/install/differential_drive_robot/lib/python3.10/site-packages:/home/rosuser/ros2_ws/install/robot_estimation/lib/python3.10/site-packages:/home/rosuser/ros2_ws/install/differential_drive_robot/lib/python3.10/site-packages:/home/rosuser/ros2_ws/install/differential_robot/lib/python3.10/site-packages:/opt/ros/humble/lib/python3.10/site-packages:/opt/ros/humble/local/lib/python3.10/dist-packages', 'COLCON': '1', 'WSL2_GUI_APPS_ENABLED': '1', 'HOSTTYPE': 'x86_64', 'WSLENV': ''}, 'shell': False}
[0.494716] (robot_estimation) Command: {'cmd': ['/usr/bin/python3', '-W', 'ignore:setup.py install is deprecated', '-W', 'ignore:easy_install command is deprecated', 'setup.py', 'egg_info', '--egg-base', '../../build/robot_estimation', 'build', '--build-base', '/home/rosuser/ros2_ws/build/robot_estimation/build', 'install', '--record', '/home/rosuser/ros2_ws/build/robot_estimation/install.log', '--single-version-externally-managed', 'install_data'], 'cwd': '/home/rosuser/ros2_ws/src/robot_estimation', 'env': {'USER': 'rosuser', 'SHLVL': '1', 'LD_LIBRARY_PATH': '/usr/lib/x86_64-linux-gnu/gazebo-11/plugins:/opt/ros/humble/opt/rviz_ogre_vendor/lib:/opt/ros/humble/lib/x86_64-linux-gnu:/opt/ros/humble/lib', 'HOME': '/home/rosuser', 'OLDPWD': '/home/rosuser/ros2_ws', 'ROS_PYTHON_VERSION': '3', 'DBUS_SESSION_BUS_ADDRESS': 'unix:path=/run/user/1000/bus', 'WSL_DISTRO_NAME': 'Ubuntu-22.04', 'WAYLAND_DISPLAY': 'wayland-0', 'COLCON_PREFIX_PATH': '/home/rosuser/ros2_ws/install', 'ROS_DISTRO': 'humble', 'LOGNAME': 'rosuser', 'NAME': 'DESKTOP-VAABNLN', 'WSL_INTEROP': '/run/WSL/461_interop', 'PULSE_SERVER': 'unix:/mnt/wslg/PulseServer', '_': '/usr/bin/colcon', 'ROS_VERSION': '2', 'TERM': 'xterm-256color', 'ROS_LOCALHOST_ONLY': '0', 'PATH': '/opt/ros/humble/bin:/usr/local/sbin:/usr/local/bin:/usr/sbin:/usr/bin:/sbin:/bin:/usr/games:/usr/local/games:/usr/lib/wsl/lib:/mnt/c/MinGW/bin:/mnt/c/Users/ASUS/AppData/Local/Programs/Python/Python312/Scripts/:/mnt/c/Users/ASUS/AppData/Local/Programs/Python/Python312/:/mnt/c/Program Files (x86)/VMware/VMware Workstation/bin/:/mnt/c/Windows/system32:/mnt/c/Windows:/mnt/c/Windows/System32/Wbem:/mnt/c/Windows/System32/WindowsPowerShell/v1.0/:/mnt/c/Windows/System32/OpenSSH/:/mnt/c/Program Files/dotnet/:/mnt/c/Program Files (x86)/Microsoft SQL Server/Client SDK/ODBC/110/Tools/Binn/:/mnt/c/Program Files (x86)/Microsoft SQL Server/120/Tools/Binn/:/mnt/c/Program Files (x86)/Microsoft SQL Server/120/DTS/Binn/:/mnt/c/Program Files (x86)/Common Files/Siemens/:/mnt/c/Program Files (x86)/Common Files/Siemens/Interfaces:/mnt/c/Program Files (x86)/Common Files/Siemens/ACE/Interfaces:/mnt/c/Users/ASUS/.jdks/openjdk-21/bin:/mnt/c/WINDOWS/system32:/mnt/c/WINDOWS:/mnt/c/WINDOWS/System32/Wbem:/mnt/c/WINDOWS/System32/WindowsPowerShell/v1.0/:/mnt/c/WINDOWS/System32/OpenSSH/:/mnt/c/ProgramData/chocolatey/bin:/mnt/c/Program Files/nodejs/:/mnt/c/Program Files/MongoDB/mongosh-2.2.15-win32-x64/bin:/mnt/c/Program Files/Git/cmd:/mnt/c/Program Files/PostgreSQL/17/bin:/mnt/c/Program Files/PuTTY/:/mnt/c/Program Files/Go/bin:/mnt/c/Program Files/NVIDIA Corporation/NVIDIA App/NvDLISR:/mnt/c/Program Files (x86)/NVIDIA Corporation/PhysX/Common:/mnt/c/Program Files/Docker/Docker/resources/bin:/mnt/c/mingw64/bin:/mnt/c/Users/ASUS/AppData/Local/Programs/Python/Python38/Scripts/:/mnt/c/Users/ASUS/AppData/Local/Programs/Python/Python38/:/mnt/c/Users/ASUS/AppData/Local/Programs/Python/Launcher/:/mnt/c/Users/ASUS/AppData/Local/Microsoft/WindowsApps:/mnt/c/msys64/ucrt64/bin:/mnt/c/PATH_Programs:/mnt/c/altera/13.1/modelsim_ase/win32aloem:/mnt/c/Program Files/JetBrains/PyCharm 2021.3.3/bin:/mnt/c/tools/mysql/current/bin:/mnt/c/Program Files/JetBrains/DataGrip 2024.1.4/bin:/mnt/c/Program Files/heroku/bin:/mnt/c/Users/ASUS/AppData/Roaming/npm:/mnt/c/Users/ASUS/AppData/Local/Microsoft/WinGet/Packages/Gyan.FFmpeg_Microsoft.Winget.Source_8wekyb3d8bbwe/ffmpeg-7.1-full_build/bin:/mnt/c/Users/ASUS/AppData/Local/Programs/Microsoft VS Code/bin:/mnt/c/Users/ASUS/go/bin:/mnt/c/Users/ASUS/AppData/Local/Programs/Swift/Runtimes/6.1.3/usr/bin/:/mnt/c/Users/ASUS/AppData/Local/Programs/Swift/Toolchains/6.1.3+Asserts/usr/bin/:/mnt/c/Gradle/gradle-8.13-all/gradle-8.13/bin:/mnt/c/Users/ASUS/AppData/Local/Programs/cursor/resources/app/bin:/snap/bin', 'XDG_RUNTIME_DIR': '/run/user/1000/', 'DISPLAY': ':0', 'LANG': 'en_US.UTF-8', 'AMENT_PREFIX_PATH': '/home/rosuser/ros2_ws/install/robot_estimation:/home/rosuser/ros2_ws/install/differential_drive_robot:/home/rosuser/ros2_ws/install/differential_robot:/opt/ros/humble', 'SHELL': '/bin/bash', 'PWD': '/home/rosuser/ros2_ws/build/robot_estimation', 'XDG_DATA_DIRS': '/usr/local/share:/usr/share:/var/lib/snapd/desktop', 'PYTHONPATH': '/home/rosuser/ros2_ws/build/robot_estimation/prefix_override:/usr/lib/python3/dist-packages/colcon_core/task/python/colcon_distutils_commands:/home/rosuser/ros2_ws/install/robot_estimation/lib/python3.10/site-packages:/home/rosuser/ros2_ws/install/robot_estimation/lib/python3.10/site-packages:/home/rosuser/ros2_ws/install/differential_drive_robot/lib/python3.10/site-packages:/home/rosuser/ros2_ws/install/differential_robot/lib/python3.10/site-packages:/opt/ros/humble/lib/python3.10/site-packages:/opt/ros/humble/local/lib/python3.10/dist-packages', 'COLCON': '1', 'WSL2_GUI_APPS_ENABLED': '1', 'HOSTTYPE': 'x86_64', 'WSLENV': ''}, 'shell': False}
[0.504797] (-) TimerEvent: {}
[0.605070] (-) TimerEvent: {}
[0.636409] (differential_drive_robot) StdoutLine: {'line': b'running egg_info\n'}
[0.636825] (differential_drive_robot) StdoutLine: {'line': b'creating ../../build/differential_drive_robot/differential_drive_robot.egg-info\n'}
[0.637040] (differential_drive_robot) StdoutLine: {'line': b'writing ../../build/differential_drive_robot/differential_drive_robot.egg-info/PKG-INFO\n'}
[0.637266] (differential_drive_robot) StdoutLine: {'line': b'writing dependency_links to ../../build/differential_drive_robot/differential_drive_robot.egg-info/dependency_links.txt\n'}
[0.637473] (differential_drive_robot) StdoutLine: {'line': b'writing entry points to ../../build/differential_drive_robot/differential_drive_robot.egg-info/entry_points.txt\n'}
[0.637847] (robot_estimation) StdoutLine: {'line': b'running egg_info\n'}
[0.637931] (differential_drive_robot) StdoutLine: {'line': b'writing requirements to ../../build/differential_drive_robot/differential_drive_robot.egg-info/requires.txt\n'}
[0.638031] (differential_drive_robot) StdoutLine: {'line': b'writing top-level names to ../../build/differential_drive_robot/differential_drive_robot.egg-info/top_level.txt\n'}
[0.638205] (differential_drive_robot) StdoutLine: {'line': b"writing manifest file '../../build/differential_drive_robot/differential_drive_robot.egg-info/SOURCES.txt'\n"}
[0.638259] (robot_estimation) StdoutLine: {'line': b'writing ../../build/robot_estimation/robot_estimation.egg-info/PKG-INFO\n'}
[0.638291] (robot_estimation) StdoutLine: {'line': b'writing dependency_links to ../../build/robot_estimation/robot_estimation.egg-info/dependency_links.txt\n'}
[0.638406] (robot_estimation) StdoutLine: {'line': b'writing entry points to ../../build/robot_estimation/robot_estimation.egg-info/entry_points.txt\n'}
[0.638517] (robot_estimation) StdoutLine: {'line': b'writing requirements to ../../build/robot_estimation/robot_estimation.egg-info/requires.txt\n'}
[0.638566] (robot_estimation) StdoutLine: {'line': b'writing top-level names to ../../build/robot_estimation/robot_estimation.egg-info/top_level.txt\n'}
[0.639687] (robot_estimation) StdoutLine: {'line': b"reading manifest file '../../build/robot_estimation/robot_estimation.egg-info/SOURCES.txt'\n"}
[0.640319] (robot_estimation) StdoutLine: {'line': b"writing manifest file '../../build/robot_estimation/robot_estimation.egg-info/SOURCES.txt'\n"}
[0.640436] (robot_estimation) StdoutLine: {'line': b'running build\n'}
[0.640475] (robot_estimation) StdoutLine: {'line': b'running build_py\n'}
[0.640686] (differential_drive_robot) StdoutLine: {'line': b"reading manifest file '../../build/differential_drive_robot/differential_drive_robot.egg-info/SOURCES.txt'\n"}
[0.641154] (differential_drive_robot) StdoutLine: {'line': b"writing manifest file '../../build/differential_drive_robot/differential_drive_robot.egg-info/SOURCES.txt'\n"}
[0.641222] (differential_drive_robot) StdoutLine: {'line': b'running build\n'}
[0.641258] (robot_estimation) StdoutLine: {'line': b'running install\n'}
[0.641406] (differential_drive_robot) StdoutLine: {'line': b'running build_py\n'}
[0.641517] (differential_drive_robot) StdoutLine: {'line': b'creating /home/rosuser/ros2_ws/build/differential_drive_robot/build\n'}
[0.641622] (robot_estimation) StdoutLine: {'line': b'running install_lib\n'}
[0.641800] (differential_drive_robot) StdoutLine: {'line': b'creating /home/rosuser/ros2_ws/build/differential_drive_robot/build/lib\n'}
[0.641872] (differential_drive_robot) StdoutLine: {'line': b'creating /home/rosuser/ros2_ws/build/differential_drive_robot/build/lib/differential_drive_robot\n'}
[0.641905] (differential_drive_robot) StdoutLine: {'line': b'copying differential_drive_robot/__init__.py -> /home/rosuser/ros2_ws/build/differential_drive_robot/build/lib/differential_drive_robot\n'}
[0.641932] (differential_drive_robot) StdoutLine: {'line': b'running install\n'}
[0.642187] (differential_drive_robot) StdoutLine: {'line': b'running install_lib\n'}
[0.642411] (robot_estimation) StdoutLine: {'line': b'running install_data\n'}
[0.642481] (robot_estimation) StdoutLine: {'line': b'running install_egg_info\n'}
[0.642513] (differential_drive_robot) StdoutLine: {'line': b'creating /home/rosuser/ros2_ws/install/differential_drive_robot/lib/python3.10/site-packages/differential_drive_robot\n'}
[0.642721] (differential_drive_robot) StdoutLine: {'line': b'copying /home/rosuser/ros2_ws/build/differential_drive_robot/build/lib/differential_drive_robot/__init__.py -> /home/rosuser/ros2_ws/install/differential_drive_robot/lib/python3.10/site-packages/differential_drive_robot\n'}
[0.642930] (differential_drive_robot) StdoutLine: {'line': b'byte-compiling /home/rosuser/ros2_ws/install/differential_drive_robot/lib/python3.10/site-packages/differential_drive_robot/__init__.py to __init__.cpython-310.pyc\n'}
[0.643139] (differential_drive_robot) StdoutLine: {'line': b'running install_data\n'}
[0.643210] (differential_drive_robot) StdoutLine: {'line': b'creating /home/rosuser/ros2_ws/install/differential_drive_robot/share/ament_index\n'}
[0.643242] (differential_drive_robot) StdoutLine: {'line': b'creating /home/rosuser/ros2_ws/install/differential_drive_robot/share/ament_index/resource_index\n'}
[0.643369] (differential_drive_robot) StdoutLine: {'line': b'creating /home/rosuser/ros2_ws/install/differential_drive_robot/share/ament_index/resource_index/packages\n'}
[0.643575] (differential_drive_robot) StdoutLine: {'line': b'copying resource/differential_drive_robot -> /home/rosuser/ros2_ws/install/differential_drive_robot/share/ament_index/resource_index/packages\n'}
[0.643740] (differential_drive_robot) StdoutLine: {'line': b'copying package.xml -> /home/rosuser/ros2_ws/install/differential_drive_robot/share/differential_drive_robot\n'}
[0.643776] (differential_drive_robot) StdoutLine: {'line': b'creating /home/rosuser/ros2_ws/install/differential_drive_robot/share/differential_drive_robot/launch\n'}
[0.643853] (robot_estimation) StdoutLine: {'line': b"removing '/home/rosuser/ros2_ws/install/robot_estimation/lib/python3.10/site-packages/robot_estimation-0.0.1-py3.10.egg-info' (and everything under it)\n"}
[0.643931] (differential_drive_robot) StdoutLine: {'line': b'copying launch/gazebo.launch.py -> /home/rosuser/ros2_ws/install/differential_drive_robot/share/differential_drive_robot/launch\n'}
[0.643986] (robot_estimation) StdoutLine: {'line': b'Copying ../../build/robot_estimation/robot_estimation.egg-info to /home/rosuser/ros2_ws/install/robot_estimation/lib/python3.10/site-packages/robot_estimation-0.0.1-py3.10.egg-info\n'}
[0.644115] (differential_drive_robot) StdoutLine: {'line': b'copying launch/display.launch.py -> /home/rosuser/ros2_ws/install/differential_drive_robot/share/differential_drive_robot/launch\n'}
[0.644398] (robot_estimation) StdoutLine: {'line': b'running install_scripts\n'}
[0.644495] (differential_drive_robot) StdoutLine: {'line': b'creating /home/rosuser/ros2_ws/install/differential_drive_robot/share/differential_drive_robot/urdf\n'}
[0.644552] (differential_drive_robot) StdoutLine: {'line': b'copying urdf/robot.urdf.xacro -> /home/rosuser/ros2_ws/install/differential_drive_robot/share/differential_drive_robot/urdf\n'}
[0.644856] (differential_drive_robot) StdoutLine: {'line': b'creating /home/rosuser/ros2_ws/install/differential_drive_robot/share/differential_drive_robot/rviz\n'}
[0.644930] (differential_drive_robot) StdoutLine: {'line': b'copying rviz/gazebo.rviz -> /home/rosuser/ros2_ws/install/differential_drive_robot/share/differential_drive_robot/rviz\n'}
[0.645273] (differential_drive_robot) StdoutLine: {'line': b'copying rviz/display.rviz -> /home/rosuser/ros2_ws/install/differential_drive_robot/share/differential_drive_robot/rviz\n'}
[0.645912] (differential_drive_robot) StdoutLine: {'line': b'creating /home/rosuser/ros2_ws/install/differential_drive_robot/share/differential_drive_robot/worlds\n'}
[0.646016] (differential_drive_robot) StdoutLine: {'line': b'copying worlds/empty_world.world -> /home/rosuser/ros2_ws/install/differential_drive_robot/share/differential_drive_robot/worlds\n'}
[0.646260] (differential_drive_robot) StdoutLine: {'line': b'running install_egg_info\n'}
[0.647487] (differential_drive_robot) StdoutLine: {'line': b'Copying ../../build/differential_drive_robot/differential_drive_robot.egg-info to /home/rosuser/ros2_ws/install/differential_drive_robot/lib/python3.10/site-packages/differential_drive_robot-0.0.1-py3.10.egg-info\n'}
[0.648051] (differential_drive_robot) StdoutLine: {'line': b'running install_scripts\n'}
[0.656670] (robot_estimation) StdoutLine: {'line': b'Installing complementary_filter script to /home/rosuser/ros2_ws/install/robot_estimation/lib/robot_estimation\n'}
[0.656761] (robot_estimation) StdoutLine: {'line': b'Installing imu_filter script to /home/rosuser/ros2_ws/install/robot_estimation/lib/robot_estimation\n'}
[0.657013] (robot_estimation) StdoutLine: {'line': b'Installing motion_controller script to /home/rosuser/ros2_ws/install/robot_estimation/lib/robot_estimation\n'}
[0.657097] (robot_estimation) StdoutLine: {'line': b'Installing motion_odometry script to /home/rosuser/ros2_ws/install/robot_estimation/lib/robot_estimation\n'}
[0.657131] (robot_estimation) StdoutLine: {'line': b'Installing wheel_rpm_publisher script to /home/rosuser/ros2_ws/install/robot_estimation/lib/robot_estimation\n'}
[0.657538] (robot_estimation) StdoutLine: {'line': b"writing list of installed files to '/home/rosuser/ros2_ws/build/robot_estimation/install.log'\n"}
[0.660567] (differential_drive_robot) StdoutLine: {'line': b"writing list of installed files to '/home/rosuser/ros2_ws/build/differential_drive_robot/install.log'\n"}
[0.672997] (robot_estimation) CommandEnded: {'returncode': 0}
[0.678690] (robot_estimation) JobEnded: {'identifier': 'robot_estimation', 'rc': 0}
[0.679904] (differential_drive_robot) CommandEnded: {'returncode': 0}
[0.683843] (differential_drive_robot) JobEnded: {'identifier': 'differential_drive_robot', 'rc': 0}
[0.684389] (-) EventReactorShutdown: {}
