[0.000000] (-) TimerEvent: {}
[0.000185] (-) JobUnselected: {'identifier': 'differential_drive_robot'}
[0.000207] (-) JobUnselected: {'identifier': 'robot_estimation'}
[0.000219] (mobile_imu) JobQueued: {'identifier': 'mobile_imu', 'dependencies': OrderedDict()}
[0.000672] (mobile_imu) JobStarted: {'identifier': 'mobile_imu'}
[0.099739] (-) TimerEvent: {}
[0.199979] (-) TimerEvent: {}
[0.300189] (-) TimerEvent: {}
[0.400500] (-) TimerEvent: {}
[0.500781] (-) TimerEvent: {}
[0.566407] (mobile_imu) Command: {'cmd': ['/usr/bin/python3', '-W', 'ignore:setup.py install is deprecated', '-W', 'ignore:easy_install command is deprecated', 'setup.py', 'egg_info', '--egg-base', '../../build/mobile_imu', 'build', '--build-base', '/home/rosuser/ros2_ws/build/mobile_imu/build', 'install', '--record', '/home/rosuser/ros2_ws/build/mobile_imu/install.log', '--single-version-externally-managed', 'install_data'], 'cwd': '/home/rosuser/ros2_ws/src/mobile_imu', 'env': {'USER': 'rosuser', 'SHLVL': '1', 'LD_LIBRARY_PATH': '/usr/lib/x86_64-linux-gnu/gazebo-11/plugins:/opt/ros/humble/opt/rviz_ogre_vendor/lib:/opt/ros/humble/lib/x86_64-linux-gnu:/opt/ros/humble/lib', 'HOME': '/home/rosuser', 'OLDPWD': '/home/rosuser/ros2_ws', 'ROS_PYTHON_VERSION': '3', 'DBUS_SESSION_BUS_ADDRESS': 'unix:path=/run/user/1000/bus', 'WSL_DISTRO_NAME': 'Ubuntu-22.04', 'WAYLAND_DISPLAY': 'wayland-0', 'COLCON_PREFIX_PATH': '/home/rosuser/ros2_ws/install', 'ROS_DISTRO': 'humble', 'LOGNAME': 'rosuser', 'NAME': 'DESKTOP-VAABNLN', 'WSL_INTEROP': '/run/WSL/461_interop', 'PULSE_SERVER': 'unix:/mnt/wslg/PulseServer', '_': '/usr/bin/colcon', 'ROS_VERSION': '2', 'TERM': 'xterm-256color', 'ROS_LOCALHOST_ONLY': '0', 'PATH': '/opt/ros/humble/bin:/usr/local/sbin:/usr/local/bin:/usr/sbin:/usr/bin:/sbin:/bin:/usr/games:/usr/local/games:/usr/lib/wsl/lib:/mnt/c/MinGW/bin:/mnt/c/Users/ASUS/AppData/Local/Programs/Python/Python312/Scripts/:/mnt/c/Users/ASUS/AppData/Local/Programs/Python/Python312/:/mnt/c/Program Files (x86)/VMware/VMware Workstation/bin/:/mnt/c/Windows/system32:/mnt/c/Windows:/mnt/c/Windows/System32/Wbem:/mnt/c/Windows/System32/WindowsPowerShell/v1.0/:/mnt/c/Windows/System32/OpenSSH/:/mnt/c/Program Files/dotnet/:/mnt/c/Program Files (x86)/Microsoft SQL Server/Client SDK/ODBC/110/Tools/Binn/:/mnt/c/Program Files (x86)/Microsoft SQL Server/120/Tools/Binn/:/mnt/c/Program Files (x86)/Microsoft SQL Server/120/DTS/Binn/:/mnt/c/Program Files (x86)/Common Files/Siemens/:/mnt/c/Program Files (x86)/Common Files/Siemens/Interfaces:/mnt/c/Program Files (x86)/Common Files/Siemens/ACE/Interfaces:/mnt/c/Users/ASUS/.jdks/openjdk-21/bin:/mnt/c/WINDOWS/system32:/mnt/c/WINDOWS:/mnt/c/WINDOWS/System32/Wbem:/mnt/c/WINDOWS/System32/WindowsPowerShell/v1.0/:/mnt/c/WINDOWS/System32/OpenSSH/:/mnt/c/ProgramData/chocolatey/bin:/mnt/c/Program Files/nodejs/:/mnt/c/Program Files/MongoDB/mongosh-2.2.15-win32-x64/bin:/mnt/c/Program Files/Git/cmd:/mnt/c/Program Files/PostgreSQL/17/bin:/mnt/c/Program Files/PuTTY/:/mnt/c/Program Files/Go/bin:/mnt/c/Program Files/NVIDIA Corporation/NVIDIA App/NvDLISR:/mnt/c/Program Files (x86)/NVIDIA Corporation/PhysX/Common:/mnt/c/Program Files/Docker/Docker/resources/bin:/mnt/c/mingw64/bin:/mnt/c/Users/ASUS/AppData/Local/Programs/Python/Python38/Scripts/:/mnt/c/Users/ASUS/AppData/Local/Programs/Python/Python38/:/mnt/c/Users/ASUS/AppData/Local/Programs/Python/Launcher/:/mnt/c/Users/ASUS/AppData/Local/Microsoft/WindowsApps:/mnt/c/msys64/ucrt64/bin:/mnt/c/PATH_Programs:/mnt/c/altera/13.1/modelsim_ase/win32aloem:/mnt/c/Program Files/JetBrains/PyCharm 2021.3.3/bin:/mnt/c/tools/mysql/current/bin:/mnt/c/Program Files/JetBrains/DataGrip 2024.1.4/bin:/mnt/c/Program Files/heroku/bin:/mnt/c/Users/ASUS/AppData/Roaming/npm:/mnt/c/Users/ASUS/AppData/Local/Microsoft/WinGet/Packages/Gyan.FFmpeg_Microsoft.Winget.Source_8wekyb3d8bbwe/ffmpeg-7.1-full_build/bin:/mnt/c/Users/ASUS/AppData/Local/Programs/Microsoft VS Code/bin:/mnt/c/Users/ASUS/go/bin:/mnt/c/Users/ASUS/AppData/Local/Programs/Swift/Runtimes/6.1.3/usr/bin/:/mnt/c/Users/ASUS/AppData/Local/Programs/Swift/Toolchains/6.1.3+Asserts/usr/bin/:/mnt/c/Gradle/gradle-8.13-all/gradle-8.13/bin:/mnt/c/Users/ASUS/AppData/Local/Programs/cursor/resources/app/bin:/snap/bin', 'XDG_RUNTIME_DIR': '/run/user/1000/', 'DISPLAY': ':0', 'LANG': 'en_US.UTF-8', 'AMENT_PREFIX_PATH': '/home/rosuser/ros2_ws/install/robot_estimation:/home/rosuser/ros2_ws/install/differential_drive_robot:/home/rosuser/ros2_ws/install/differential_robot:/opt/ros/humble', 'SHELL': '/bin/bash', 'PWD': '/home/rosuser/ros2_ws/build/mobile_imu', 'XDG_DATA_DIRS': '/usr/local/share:/usr/share:/var/lib/snapd/desktop', 'PYTHONPATH': '/home/rosuser/ros2_ws/build/mobile_imu/prefix_override:/usr/lib/python3/dist-packages/colcon_core/task/python/colcon_distutils_commands:/home/rosuser/ros2_ws/install/mobile_imu/lib/python3.10/site-packages:/home/rosuser/ros2_ws/install/robot_estimation/lib/python3.10/site-packages:/home/rosuser/ros2_ws/install/differential_drive_robot/lib/python3.10/site-packages:/home/rosuser/ros2_ws/install/differential_robot/lib/python3.10/site-packages:/opt/ros/humble/lib/python3.10/site-packages:/opt/ros/humble/local/lib/python3.10/dist-packages', 'COLCON': '1', 'WSL2_GUI_APPS_ENABLED': '1', 'HOSTTYPE': 'x86_64', 'WSLENV': ''}, 'shell': False}
[0.600856] (-) TimerEvent: {}
[0.701250] (-) TimerEvent: {}
[0.708938] (mobile_imu) StdoutLine: {'line': b'running egg_info\n'}
[0.709407] (mobile_imu) StdoutLine: {'line': b'writing ../../build/mobile_imu/mobile_imu.egg-info/PKG-INFO\n'}
[0.711322] (mobile_imu) StdoutLine: {'line': b'writing dependency_links to ../../build/mobile_imu/mobile_imu.egg-info/dependency_links.txt\n'}
[0.711647] (mobile_imu) StdoutLine: {'line': b'writing entry points to ../../build/mobile_imu/mobile_imu.egg-info/entry_points.txt\n'}
[0.711717] (mobile_imu) StdoutLine: {'line': b'writing requirements to ../../build/mobile_imu/mobile_imu.egg-info/requires.txt\n'}
[0.711755] (mobile_imu) StdoutLine: {'line': b'writing top-level names to ../../build/mobile_imu/mobile_imu.egg-info/top_level.txt\n'}
[0.713379] (mobile_imu) StdoutLine: {'line': b"reading manifest file '../../build/mobile_imu/mobile_imu.egg-info/SOURCES.txt'\n"}
[0.715040] (mobile_imu) StdoutLine: {'line': b"writing manifest file '../../build/mobile_imu/mobile_imu.egg-info/SOURCES.txt'\n"}
[0.715118] (mobile_imu) StdoutLine: {'line': b'running build\n'}
[0.715155] (mobile_imu) StdoutLine: {'line': b'running build_py\n'}
[0.715349] (mobile_imu) StdoutLine: {'line': b'running install\n'}
[0.715568] (mobile_imu) StdoutLine: {'line': b'running install_lib\n'}
[0.717410] (mobile_imu) StdoutLine: {'line': b'running install_data\n'}
[0.717500] (mobile_imu) StdoutLine: {'line': b'running install_egg_info\n'}
[0.718709] (mobile_imu) StdoutLine: {'line': b"removing '/home/rosuser/ros2_ws/install/mobile_imu/lib/python3.10/site-packages/mobile_imu-0.0.1-py3.10.egg-info' (and everything under it)\n"}
[0.718976] (mobile_imu) StdoutLine: {'line': b'Copying ../../build/mobile_imu/mobile_imu.egg-info to /home/rosuser/ros2_ws/install/mobile_imu/lib/python3.10/site-packages/mobile_imu-0.0.1-py3.10.egg-info\n'}
[0.720198] (mobile_imu) StdoutLine: {'line': b'running install_scripts\n'}
[0.739960] (mobile_imu) StdoutLine: {'line': b'Installing mobile_imu_filter script to /home/rosuser/ros2_ws/install/mobile_imu/lib/mobile_imu\n'}
[0.740278] (mobile_imu) StdoutLine: {'line': b'Installing position_estimator script to /home/rosuser/ros2_ws/install/mobile_imu/lib/mobile_imu\n'}
[0.740368] (mobile_imu) StdoutLine: {'line': b'Installing sensor_receiver script to /home/rosuser/ros2_ws/install/mobile_imu/lib/mobile_imu\n'}
[0.740963] (mobile_imu) StdoutLine: {'line': b"writing list of installed files to '/home/rosuser/ros2_ws/build/mobile_imu/install.log'\n"}
[0.762686] (mobile_imu) CommandEnded: {'returncode': 0}
[0.780659] (mobile_imu) JobEnded: {'identifier': 'mobile_imu', 'rc': 0}
[0.781157] (-) EventReactorShutdown: {}
