[0.626s] Invoking command in '/home/rosuser/ros2_ws/src/mobile_imu': PYTHONPATH=/home/rosuser/ros2_ws/build/mobile_imu/prefix_override:/usr/lib/python3/dist-packages/colcon_core/task/python/colcon_distutils_commands:/home/rosuser/ros2_ws/install/mobile_imu/lib/python3.10/site-packages:${PYTHONPATH} /usr/bin/python3 -W ignore:setup.py install is deprecated -W ignore:easy_install command is deprecated setup.py egg_info --egg-base ../../build/mobile_imu build --build-base /home/rosuser/ros2_ws/build/mobile_imu/build install --record /home/rosuser/ros2_ws/build/mobile_imu/install.log --single-version-externally-managed install_data
[0.845s] running egg_info
[0.846s] writing ../../build/mobile_imu/mobile_imu.egg-info/PKG-INFO
[0.846s] writing dependency_links to ../../build/mobile_imu/mobile_imu.egg-info/dependency_links.txt
[0.847s] writing entry points to ../../build/mobile_imu/mobile_imu.egg-info/entry_points.txt
[0.847s] writing requirements to ../../build/mobile_imu/mobile_imu.egg-info/requires.txt
[0.848s] writing top-level names to ../../build/mobile_imu/mobile_imu.egg-info/top_level.txt
[0.849s] reading manifest file '../../build/mobile_imu/mobile_imu.egg-info/SOURCES.txt'
[0.850s] writing manifest file '../../build/mobile_imu/mobile_imu.egg-info/SOURCES.txt'
[0.851s] running build
[0.851s] running build_py
[0.862s] copying mobile_imu/position_estimator.py -> /home/rosuser/ros2_ws/build/mobile_imu/build/lib/mobile_imu
[0.862s] running install
[0.862s] running install_lib
[0.862s] copying /home/rosuser/ros2_ws/build/mobile_imu/build/lib/mobile_imu/position_estimator.py -> /home/rosuser/ros2_ws/install/mobile_imu/lib/python3.10/site-packages/mobile_imu
[0.862s] byte-compiling /home/rosuser/ros2_ws/install/mobile_imu/lib/python3.10/site-packages/mobile_imu/position_estimator.py to position_estimator.cpython-310.pyc
[0.862s] running install_data
[0.862s] running install_egg_info
[0.862s] removing '/home/rosuser/ros2_ws/install/mobile_imu/lib/python3.10/site-packages/mobile_imu-0.0.1-py3.10.egg-info' (and everything under it)
[0.862s] Copying ../../build/mobile_imu/mobile_imu.egg-info to /home/rosuser/ros2_ws/install/mobile_imu/lib/python3.10/site-packages/mobile_imu-0.0.1-py3.10.egg-info
[0.862s] running install_scripts
[0.877s] Installing mobile_imu_filter script to /home/rosuser/ros2_ws/install/mobile_imu/lib/mobile_imu
[0.877s] Installing position_estimator script to /home/rosuser/ros2_ws/install/mobile_imu/lib/mobile_imu
[0.878s] Installing sensor_receiver script to /home/rosuser/ros2_ws/install/mobile_imu/lib/mobile_imu
[0.878s] writing list of installed files to '/home/rosuser/ros2_ws/build/mobile_imu/install.log'
[0.905s] Invoked command in '/home/rosuser/ros2_ws/src/mobile_imu' returned '0': PYTHONPATH=/home/rosuser/ros2_ws/build/mobile_imu/prefix_override:/usr/lib/python3/dist-packages/colcon_core/task/python/colcon_distutils_commands:/home/rosuser/ros2_ws/install/mobile_imu/lib/python3.10/site-packages:${PYTHONPATH} /usr/bin/python3 -W ignore:setup.py install is deprecated -W ignore:easy_install command is deprecated setup.py egg_info --egg-base ../../build/mobile_imu build --build-base /home/rosuser/ros2_ws/build/mobile_imu/build install --record /home/rosuser/ros2_ws/build/mobile_imu/install.log --single-version-externally-managed install_data
