running egg_info
creating ../../build/differential_drive_robot/differential_drive_robot.egg-info
writing ../../build/differential_drive_robot/differential_drive_robot.egg-info/PKG-INFO
writing dependency_links to ../../build/differential_drive_robot/differential_drive_robot.egg-info/dependency_links.txt
writing entry points to ../../build/differential_drive_robot/differential_drive_robot.egg-info/entry_points.txt
writing requirements to ../../build/differential_drive_robot/differential_drive_robot.egg-info/requires.txt
writing top-level names to ../../build/differential_drive_robot/differential_drive_robot.egg-info/top_level.txt
writing manifest file '../../build/differential_drive_robot/differential_drive_robot.egg-info/SOURCES.txt'
reading manifest file '../../build/differential_drive_robot/differential_drive_robot.egg-info/SOURCES.txt'
writing manifest file '../../build/differential_drive_robot/differential_drive_robot.egg-info/SOURCES.txt'
running build
running build_py
creating /home/rosuser/ros2_ws/build/differential_drive_robot/build
creating /home/rosuser/ros2_ws/build/differential_drive_robot/build/lib
creating /home/rosuser/ros2_ws/build/differential_drive_robot/build/lib/differential_drive_robot
copying differential_drive_robot/__init__.py -> /home/rosuser/ros2_ws/build/differential_drive_robot/build/lib/differential_drive_robot
running install
running install_lib
creating /home/rosuser/ros2_ws/install/differential_drive_robot/lib/python3.10/site-packages/differential_drive_robot
copying /home/rosuser/ros2_ws/build/differential_drive_robot/build/lib/differential_drive_robot/__init__.py -> /home/rosuser/ros2_ws/install/differential_drive_robot/lib/python3.10/site-packages/differential_drive_robot
byte-compiling /home/rosuser/ros2_ws/install/differential_drive_robot/lib/python3.10/site-packages/differential_drive_robot/__init__.py to __init__.cpython-310.pyc
running install_data
creating /home/rosuser/ros2_ws/install/differential_drive_robot/share/ament_index
creating /home/rosuser/ros2_ws/install/differential_drive_robot/share/ament_index/resource_index
creating /home/rosuser/ros2_ws/install/differential_drive_robot/share/ament_index/resource_index/packages
copying resource/differential_drive_robot -> /home/rosuser/ros2_ws/install/differential_drive_robot/share/ament_index/resource_index/packages
copying package.xml -> /home/rosuser/ros2_ws/install/differential_drive_robot/share/differential_drive_robot
creating /home/rosuser/ros2_ws/install/differential_drive_robot/share/differential_drive_robot/launch
copying launch/gazebo.launch.py -> /home/rosuser/ros2_ws/install/differential_drive_robot/share/differential_drive_robot/launch
copying launch/display.launch.py -> /home/rosuser/ros2_ws/install/differential_drive_robot/share/differential_drive_robot/launch
creating /home/rosuser/ros2_ws/install/differential_drive_robot/share/differential_drive_robot/urdf
copying urdf/robot.urdf.xacro -> /home/rosuser/ros2_ws/install/differential_drive_robot/share/differential_drive_robot/urdf
creating /home/rosuser/ros2_ws/install/differential_drive_robot/share/differential_drive_robot/rviz
copying rviz/gazebo.rviz -> /home/rosuser/ros2_ws/install/differential_drive_robot/share/differential_drive_robot/rviz
copying rviz/display.rviz -> /home/rosuser/ros2_ws/install/differential_drive_robot/share/differential_drive_robot/rviz
creating /home/rosuser/ros2_ws/install/differential_drive_robot/share/differential_drive_robot/worlds
copying worlds/empty_world.world -> /home/rosuser/ros2_ws/install/differential_drive_robot/share/differential_drive_robot/worlds
running install_egg_info
Copying ../../build/differential_drive_robot/differential_drive_robot.egg-info to /home/rosuser/ros2_ws/install/differential_drive_robot/lib/python3.10/site-packages/differential_drive_robot-0.0.1-py3.10.egg-info
running install_scripts
writing list of installed files to '/home/rosuser/ros2_ws/build/differential_drive_robot/install.log'
