running egg_info
writing ../../build/mobile_imu/mobile_imu.egg-info/PKG-INFO
writing dependency_links to ../../build/mobile_imu/mobile_imu.egg-info/dependency_links.txt
writing entry points to ../../build/mobile_imu/mobile_imu.egg-info/entry_points.txt
writing requirements to ../../build/mobile_imu/mobile_imu.egg-info/requires.txt
writing top-level names to ../../build/mobile_imu/mobile_imu.egg-info/top_level.txt
reading manifest file '../../build/mobile_imu/mobile_imu.egg-info/SOURCES.txt'
writing manifest file '../../build/mobile_imu/mobile_imu.egg-info/SOURCES.txt'
running build
running build_py
copying mobile_imu/sensor_receiver.py -> /home/rosuser/ros2_ws/build/mobile_imu/build/lib/mobile_imu
running install
running install_lib
copying /home/rosuser/ros2_ws/build/mobile_imu/build/lib/mobile_imu/sensor_receiver.py -> /home/rosuser/ros2_ws/install/mobile_imu/lib/python3.10/site-packages/mobile_imu
byte-compiling /home/rosuser/ros2_ws/install/mobile_imu/lib/python3.10/site-packages/mobile_imu/sensor_receiver.py to sensor_receiver.cpython-310.pyc
running install_data
running install_egg_info
removing '/home/rosuser/ros2_ws/install/mobile_imu/lib/python3.10/site-packages/mobile_imu-0.0.1-py3.10.egg-info' (and everything under it)
Copying ../../build/mobile_imu/mobile_imu.egg-info to /home/rosuser/ros2_ws/install/mobile_imu/lib/python3.10/site-packages/mobile_imu-0.0.1-py3.10.egg-info
running install_scripts
Installing mobile_imu_filter script to /home/rosuser/ros2_ws/install/mobile_imu/lib/mobile_imu
Installing position_estimator script to /home/rosuser/ros2_ws/install/mobile_imu/lib/mobile_imu
Installing sensor_receiver script to /home/rosuser/ros2_ws/install/mobile_imu/lib/mobile_imu
writing list of installed files to '/home/rosuser/ros2_ws/build/mobile_imu/install.log'
