/home/rosuser/ros2_ws/install/mobile_imu/lib/python3.10/site-packages/mobile_imu/sensor_receiver.py
/home/rosuser/ros2_ws/install/mobile_imu/lib/python3.10/site-packages/mobile_imu/__init__.py
/home/rosuser/ros2_ws/install/mobile_imu/lib/python3.10/site-packages/mobile_imu/mobile_imu_filter.py
/home/rosuser/ros2_ws/install/mobile_imu/lib/python3.10/site-packages/mobile_imu/position_estimator.py
/home/rosuser/ros2_ws/install/mobile_imu/lib/python3.10/site-packages/mobile_imu/__pycache__/sensor_receiver.cpython-310.pyc
/home/rosuser/ros2_ws/install/mobile_imu/lib/python3.10/site-packages/mobile_imu/__pycache__/__init__.cpython-310.pyc
/home/rosuser/ros2_ws/install/mobile_imu/lib/python3.10/site-packages/mobile_imu/__pycache__/mobile_imu_filter.cpython-310.pyc
/home/rosuser/ros2_ws/install/mobile_imu/lib/python3.10/site-packages/mobile_imu/__pycache__/position_estimator.cpython-310.pyc
/home/rosuser/ros2_ws/install/mobile_imu/share/ament_index/resource_index/packages/mobile_imu
/home/rosuser/ros2_ws/install/mobile_imu/share/mobile_imu/package.xml
/home/rosuser/ros2_ws/install/mobile_imu/share/mobile_imu/launch/mobile_imu.launch.py
/home/rosuser/ros2_ws/install/mobile_imu/lib/python3.10/site-packages/mobile_imu-0.0.1-py3.10.egg-info/SOURCES.txt
/home/rosuser/ros2_ws/install/mobile_imu/lib/python3.10/site-packages/mobile_imu-0.0.1-py3.10.egg-info/PKG-INFO
/home/rosuser/ros2_ws/install/mobile_imu/lib/python3.10/site-packages/mobile_imu-0.0.1-py3.10.egg-info/requires.txt
/home/rosuser/ros2_ws/install/mobile_imu/lib/python3.10/site-packages/mobile_imu-0.0.1-py3.10.egg-info/dependency_links.txt
/home/rosuser/ros2_ws/install/mobile_imu/lib/python3.10/site-packages/mobile_imu-0.0.1-py3.10.egg-info/zip-safe
/home/rosuser/ros2_ws/install/mobile_imu/lib/python3.10/site-packages/mobile_imu-0.0.1-py3.10.egg-info/entry_points.txt
/home/rosuser/ros2_ws/install/mobile_imu/lib/python3.10/site-packages/mobile_imu-0.0.1-py3.10.egg-info/top_level.txt
/home/rosuser/ros2_ws/install/mobile_imu/lib/mobile_imu/mobile_imu_filter
/home/rosuser/ros2_ws/install/mobile_imu/lib/mobile_imu/position_estimator
/home/rosuser/ros2_ws/install/mobile_imu/lib/mobile_imu/sensor_receiver
