[0.000000] (-) TimerEvent: {}
[0.000867] (-) JobUnselected: {'identifier': 'differential_drive_robot'}
[0.000892] (robot_estimation) JobQueued: {'identifier': 'robot_estimation', 'dependencies': OrderedDict()}
[0.000905] (robot_estimation) JobStarted: {'identifier': 'robot_estimation'}
[0.099831] (-) TimerEvent: {}
[0.200106] (-) TimerEvent: {}
[0.300590] (-) TimerEvent: {}
[0.400797] (-) TimerEvent: {}
[0.498456] (robot_estimation) Command: {'cmd': ['/usr/bin/python3', '-W', 'ignore:setup.py install is deprecated', '-W', 'ignore:easy_install command is deprecated', 'setup.py', 'egg_info', '--egg-base', '../../build/robot_estimation', 'build', '--build-base', '/home/rosuser/ros2_ws/build/robot_estimation/build', 'install', '--record', '/home/rosuser/ros2_ws/build/robot_estimation/install.log', '--single-version-externally-managed', 'install_data'], 'cwd': '/home/rosuser/ros2_ws/src/robot_estimation', 'env': {'USER': 'rosuser', 'SHLVL': '1', 'LD_LIBRARY_PATH': '/usr/lib/x86_64-linux-gnu/gazebo-11/plugins:/opt/ros/humble/opt/rviz_ogre_vendor/lib:/opt/ros/humble/lib/x86_64-linux-gnu:/opt/ros/humble/lib', 'HOME': '/home/rosuser', 'OLDPWD': '/home/rosuser/ros2_ws/src/robot_estimation', 'ROS_PYTHON_VERSION': '3', 'DBUS_SESSION_BUS_ADDRESS': 'unix:path=/run/user/1000/bus', 'WSL_DISTRO_NAME': 'Ubuntu-22.04', 'WAYLAND_DISPLAY': 'wayland-0', 'ROS_DISTRO': 'humble', 'LOGNAME': 'rosuser', 'NAME': 'DESKTOP-VAABNLN', 'WSL_INTEROP': '/run/WSL/2338_interop', 'PULSE_SERVER': 'unix:/mnt/wslg/PulseServer', '_': '/usr/bin/colcon', 'ROS_VERSION': '2', 'TERM': 'xterm-256color', 'ROS_LOCALHOST_ONLY': '0', 'PATH': '/opt/ros/humble/bin:/usr/local/sbin:/usr/local/bin:/usr/sbin:/usr/bin:/sbin:/bin:/usr/games:/usr/local/games:/usr/lib/wsl/lib:/mnt/c/MinGW/bin:/mnt/c/Users/ASUS/AppData/Local/Programs/Python/Python312/Scripts/:/mnt/c/Users/ASUS/AppData/Local/Programs/Python/Python312/:/mnt/c/Program Files (x86)/VMware/VMware Workstation/bin/:/mnt/c/Windows/system32:/mnt/c/Windows:/mnt/c/Windows/System32/Wbem:/mnt/c/Windows/System32/WindowsPowerShell/v1.0/:/mnt/c/Windows/System32/OpenSSH/:/mnt/c/Program Files/dotnet/:/mnt/c/Program Files (x86)/Microsoft SQL Server/Client SDK/ODBC/110/Tools/Binn/:/mnt/c/Program Files (x86)/Microsoft SQL Server/120/Tools/Binn/:/mnt/c/Program Files (x86)/Microsoft SQL Server/120/DTS/Binn/:/mnt/c/Program Files (x86)/Common Files/Siemens/:/mnt/c/Program Files (x86)/Common Files/Siemens/Interfaces:/mnt/c/Program Files (x86)/Common Files/Siemens/ACE/Interfaces:/mnt/c/Users/ASUS/.jdks/openjdk-21/bin:/mnt/c/WINDOWS/system32:/mnt/c/WINDOWS:/mnt/c/WINDOWS/System32/Wbem:/mnt/c/WINDOWS/System32/WindowsPowerShell/v1.0/:/mnt/c/WINDOWS/System32/OpenSSH/:/mnt/c/ProgramData/chocolatey/bin:/mnt/c/Program Files/nodejs/:/mnt/c/Program Files/MongoDB/mongosh-2.2.15-win32-x64/bin:/mnt/c/Program Files/Git/cmd:/mnt/c/Program Files/PostgreSQL/17/bin:/mnt/c/Program Files/PuTTY/:/mnt/c/Program Files/Go/bin:/mnt/c/Program Files/NVIDIA Corporation/NVIDIA App/NvDLISR:/mnt/c/Program Files (x86)/NVIDIA Corporation/PhysX/Common:/mnt/c/Program Files/Docker/Docker/resources/bin:/mnt/c/mingw64/bin:/mnt/c/Users/ASUS/AppData/Local/Programs/Python/Python38/Scripts/:/mnt/c/Users/ASUS/AppData/Local/Programs/Python/Python38/:/mnt/c/Users/ASUS/AppData/Local/Programs/Python/Launcher/:/mnt/c/Users/ASUS/AppData/Local/Microsoft/WindowsApps:/mnt/c/msys64/ucrt64/bin:/mnt/c/PATH_Programs:/mnt/c/altera/13.1/modelsim_ase/win32aloem:/mnt/c/Program Files/JetBrains/PyCharm 2021.3.3/bin:/mnt/c/tools/mysql/current/bin:/mnt/c/Program Files/JetBrains/DataGrip 2024.1.4/bin:/mnt/c/Program Files/heroku/bin:/mnt/c/Users/ASUS/AppData/Roaming/npm:/mnt/c/Users/ASUS/AppData/Local/Microsoft/WinGet/Packages/Gyan.FFmpeg_Microsoft.Winget.Source_8wekyb3d8bbwe/ffmpeg-7.1-full_build/bin:/mnt/c/Users/ASUS/AppData/Local/Programs/Microsoft VS Code/bin:/mnt/c/Users/ASUS/go/bin:/mnt/c/Users/ASUS/AppData/Local/Programs/Swift/Runtimes/6.1.3/usr/bin/:/mnt/c/Users/ASUS/AppData/Local/Programs/Swift/Toolchains/6.1.3+Asserts/usr/bin/:/mnt/c/Gradle/gradle-8.13-all/gradle-8.13/bin:/mnt/c/Users/ASUS/AppData/Local/Programs/cursor/resources/app/bin:/snap/bin', 'XDG_RUNTIME_DIR': '/run/user/1000/', 'DISPLAY': ':0', 'LANG': 'en_US.UTF-8', 'AMENT_PREFIX_PATH': '/opt/ros/humble', 'SHELL': '/bin/bash', 'PWD': '/home/rosuser/ros2_ws/build/robot_estimation', 'XDG_DATA_DIRS': '/usr/local/share:/usr/share:/var/lib/snapd/desktop', 'PYTHONPATH': '/home/rosuser/ros2_ws/build/robot_estimation/prefix_override:/usr/lib/python3/dist-packages/colcon_core/task/python/colcon_distutils_commands:/home/rosuser/ros2_ws/install/robot_estimation/lib/python3.10/site-packages:/opt/ros/humble/lib/python3.10/site-packages:/opt/ros/humble/local/lib/python3.10/dist-packages', 'COLCON': '1', 'WSL2_GUI_APPS_ENABLED': '1', 'HOSTTYPE': 'x86_64', 'WSLENV': ''}, 'shell': False}
[0.501488] (-) TimerEvent: {}
[0.601888] (-) TimerEvent: {}
[0.641306] (robot_estimation) StdoutLine: {'line': b'running egg_info\n'}
[0.641677] (robot_estimation) StdoutLine: {'line': b'creating ../../build/robot_estimation/robot_estimation.egg-info\n'}
[0.641839] (robot_estimation) StdoutLine: {'line': b'writing ../../build/robot_estimation/robot_estimation.egg-info/PKG-INFO\n'}
[0.642106] (robot_estimation) StdoutLine: {'line': b'writing dependency_links to ../../build/robot_estimation/robot_estimation.egg-info/dependency_links.txt\n'}
[0.642239] (robot_estimation) StdoutLine: {'line': b'writing entry points to ../../build/robot_estimation/robot_estimation.egg-info/entry_points.txt\n'}
[0.642359] (robot_estimation) StdoutLine: {'line': b'writing requirements to ../../build/robot_estimation/robot_estimation.egg-info/requires.txt\n'}
[0.642411] (robot_estimation) StdoutLine: {'line': b'writing top-level names to ../../build/robot_estimation/robot_estimation.egg-info/top_level.txt\n'}
[0.642512] (robot_estimation) StdoutLine: {'line': b"writing manifest file '../../build/robot_estimation/robot_estimation.egg-info/SOURCES.txt'\n"}
[0.645341] (robot_estimation) StdoutLine: {'line': b"reading manifest file '../../build/robot_estimation/robot_estimation.egg-info/SOURCES.txt'\n"}
[0.645746] (robot_estimation) StdoutLine: {'line': b"writing manifest file '../../build/robot_estimation/robot_estimation.egg-info/SOURCES.txt'\n"}
[0.645963] (robot_estimation) StdoutLine: {'line': b'running build\n'}
[0.646025] (robot_estimation) StdoutLine: {'line': b'running build_py\n'}
[0.646189] (robot_estimation) StdoutLine: {'line': b'creating /home/rosuser/ros2_ws/build/robot_estimation/build\n'}
[0.646243] (robot_estimation) StdoutLine: {'line': b'creating /home/rosuser/ros2_ws/build/robot_estimation/build/lib\n'}
[0.646276] (robot_estimation) StdoutLine: {'line': b'creating /home/rosuser/ros2_ws/build/robot_estimation/build/lib/robot_estimation\n'}
[0.646387] (robot_estimation) StdoutLine: {'line': b'copying robot_estimation/__init__.py -> /home/rosuser/ros2_ws/build/robot_estimation/build/lib/robot_estimation\n'}
[0.646486] (robot_estimation) StdoutLine: {'line': b'creating /home/rosuser/ros2_ws/build/robot_estimation/build/lib/robot_estimation/filters\n'}
[0.646523] (robot_estimation) StdoutLine: {'line': b'copying robot_estimation/filters/complementary_filter.py -> /home/rosuser/ros2_ws/build/robot_estimation/build/lib/robot_estimation/filters\n'}
[0.646727] (robot_estimation) StdoutLine: {'line': b'copying robot_estimation/filters/imu_filter.py -> /home/rosuser/ros2_ws/build/robot_estimation/build/lib/robot_estimation/filters\n'}
[0.647045] (robot_estimation) StdoutLine: {'line': b'copying robot_estimation/filters/__init__.py -> /home/rosuser/ros2_ws/build/robot_estimation/build/lib/robot_estimation/filters\n'}
[0.647173] (robot_estimation) StdoutLine: {'line': b'creating /home/rosuser/ros2_ws/build/robot_estimation/build/lib/robot_estimation/motion_model\n'}
[0.647298] (robot_estimation) StdoutLine: {'line': b'copying robot_estimation/motion_model/motion_odometry.py -> /home/rosuser/ros2_ws/build/robot_estimation/build/lib/robot_estimation/motion_model\n'}
[0.647654] (robot_estimation) StdoutLine: {'line': b'copying robot_estimation/motion_model/wheel_rpm_publisher.py -> /home/rosuser/ros2_ws/build/robot_estimation/build/lib/robot_estimation/motion_model\n'}
[0.647982] (robot_estimation) StdoutLine: {'line': b'copying robot_estimation/motion_model/__init__.py -> /home/rosuser/ros2_ws/build/robot_estimation/build/lib/robot_estimation/motion_model\n'}
[0.648086] (robot_estimation) StdoutLine: {'line': b'copying robot_estimation/motion_model/motion_controller.py -> /home/rosuser/ros2_ws/build/robot_estimation/build/lib/robot_estimation/motion_model\n'}
[0.648555] (robot_estimation) StdoutLine: {'line': b'running install\n'}
[0.648783] (robot_estimation) StdoutLine: {'line': b'running install_lib\n'}
[0.649239] (robot_estimation) StdoutLine: {'line': b'creating /home/rosuser/ros2_ws/install/robot_estimation/lib/python3.10/site-packages/robot_estimation\n'}
[0.649356] (robot_estimation) StdoutLine: {'line': b'creating /home/rosuser/ros2_ws/install/robot_estimation/lib/python3.10/site-packages/robot_estimation/motion_model\n'}
[0.649492] (robot_estimation) StdoutLine: {'line': b'copying /home/rosuser/ros2_ws/build/robot_estimation/build/lib/robot_estimation/motion_model/motion_odometry.py -> /home/rosuser/ros2_ws/install/robot_estimation/lib/python3.10/site-packages/robot_estimation/motion_model\n'}
[0.649551] (robot_estimation) StdoutLine: {'line': b'copying /home/rosuser/ros2_ws/build/robot_estimation/build/lib/robot_estimation/motion_model/wheel_rpm_publisher.py -> /home/rosuser/ros2_ws/install/robot_estimation/lib/python3.10/site-packages/robot_estimation/motion_model\n'}
[0.649766] (robot_estimation) StdoutLine: {'line': b'copying /home/rosuser/ros2_ws/build/robot_estimation/build/lib/robot_estimation/motion_model/__init__.py -> /home/rosuser/ros2_ws/install/robot_estimation/lib/python3.10/site-packages/robot_estimation/motion_model\n'}
[0.649831] (robot_estimation) StdoutLine: {'line': b'copying /home/rosuser/ros2_ws/build/robot_estimation/build/lib/robot_estimation/motion_model/motion_controller.py -> /home/rosuser/ros2_ws/install/robot_estimation/lib/python3.10/site-packages/robot_estimation/motion_model\n'}
[0.649865] (robot_estimation) StdoutLine: {'line': b'copying /home/rosuser/ros2_ws/build/robot_estimation/build/lib/robot_estimation/__init__.py -> /home/rosuser/ros2_ws/install/robot_estimation/lib/python3.10/site-packages/robot_estimation\n'}
[0.649991] (robot_estimation) StdoutLine: {'line': b'creating /home/rosuser/ros2_ws/install/robot_estimation/lib/python3.10/site-packages/robot_estimation/filters\n'}
[0.650111] (robot_estimation) StdoutLine: {'line': b'copying /home/rosuser/ros2_ws/build/robot_estimation/build/lib/robot_estimation/filters/complementary_filter.py -> /home/rosuser/ros2_ws/install/robot_estimation/lib/python3.10/site-packages/robot_estimation/filters\n'}
[0.650267] (robot_estimation) StdoutLine: {'line': b'copying /home/rosuser/ros2_ws/build/robot_estimation/build/lib/robot_estimation/filters/imu_filter.py -> /home/rosuser/ros2_ws/install/robot_estimation/lib/python3.10/site-packages/robot_estimation/filters\n'}
[0.650372] (robot_estimation) StdoutLine: {'line': b'copying /home/rosuser/ros2_ws/build/robot_estimation/build/lib/robot_estimation/filters/__init__.py -> /home/rosuser/ros2_ws/install/robot_estimation/lib/python3.10/site-packages/robot_estimation/filters\n'}
[0.650619] (robot_estimation) StdoutLine: {'line': b'byte-compiling /home/rosuser/ros2_ws/install/robot_estimation/lib/python3.10/site-packages/robot_estimation/motion_model/motion_odometry.py to motion_odometry.cpython-310.pyc\n'}
[0.651428] (robot_estimation) StdoutLine: {'line': b'byte-compiling /home/rosuser/ros2_ws/install/robot_estimation/lib/python3.10/site-packages/robot_estimation/motion_model/wheel_rpm_publisher.py to wheel_rpm_publisher.cpython-310.pyc\n'}
[0.651894] (robot_estimation) StdoutLine: {'line': b'byte-compiling /home/rosuser/ros2_ws/install/robot_estimation/lib/python3.10/site-packages/robot_estimation/motion_model/__init__.py to __init__.cpython-310.pyc\n'}
[0.652081] (robot_estimation) StdoutLine: {'line': b'byte-compiling /home/rosuser/ros2_ws/install/robot_estimation/lib/python3.10/site-packages/robot_estimation/motion_model/motion_controller.py to motion_controller.cpython-310.pyc\n'}
[0.652434] (robot_estimation) StdoutLine: {'line': b'byte-compiling /home/rosuser/ros2_ws/install/robot_estimation/lib/python3.10/site-packages/robot_estimation/__init__.py to __init__.cpython-310.pyc\n'}
[0.652660] (robot_estimation) StdoutLine: {'line': b'byte-compiling /home/rosuser/ros2_ws/install/robot_estimation/lib/python3.10/site-packages/robot_estimation/filters/complementary_filter.py to complementary_filter.cpython-310.pyc\n'}
[0.653276] (robot_estimation) StdoutLine: {'line': b'byte-compiling /home/rosuser/ros2_ws/install/robot_estimation/lib/python3.10/site-packages/robot_estimation/filters/imu_filter.py to imu_filter.cpython-310.pyc\n'}
[0.653791] (robot_estimation) StdoutLine: {'line': b'byte-compiling /home/rosuser/ros2_ws/install/robot_estimation/lib/python3.10/site-packages/robot_estimation/filters/__init__.py to __init__.cpython-310.pyc\n'}
[0.653907] (robot_estimation) StdoutLine: {'line': b'running install_data\n'}
[0.654037] (robot_estimation) StdoutLine: {'line': b'creating /home/rosuser/ros2_ws/install/robot_estimation/share/ament_index\n'}
[0.654152] (robot_estimation) StdoutLine: {'line': b'creating /home/rosuser/ros2_ws/install/robot_estimation/share/ament_index/resource_index\n'}
[0.654281] (robot_estimation) StdoutLine: {'line': b'creating /home/rosuser/ros2_ws/install/robot_estimation/share/ament_index/resource_index/packages\n'}
[0.654425] (robot_estimation) StdoutLine: {'line': b'copying resource/robot_estimation -> /home/rosuser/ros2_ws/install/robot_estimation/share/ament_index/resource_index/packages\n'}
[0.654540] (robot_estimation) StdoutLine: {'line': b'copying package.xml -> /home/rosuser/ros2_ws/install/robot_estimation/share/robot_estimation\n'}
[0.654646] (robot_estimation) StdoutLine: {'line': b'creating /home/rosuser/ros2_ws/install/robot_estimation/share/robot_estimation/launch\n'}
[0.654789] (robot_estimation) StdoutLine: {'line': b'copying launch/estimator.launch.py -> /home/rosuser/ros2_ws/install/robot_estimation/share/robot_estimation/launch\n'}
[0.655138] (robot_estimation) StdoutLine: {'line': b'running install_egg_info\n'}
[0.656367] (robot_estimation) StdoutLine: {'line': b'Copying ../../build/robot_estimation/robot_estimation.egg-info to /home/rosuser/ros2_ws/install/robot_estimation/lib/python3.10/site-packages/robot_estimation-0.0.1-py3.10.egg-info\n'}
[0.656834] (robot_estimation) StdoutLine: {'line': b'running install_scripts\n'}
[0.670207] (robot_estimation) StdoutLine: {'line': b'Installing complementary_filter script to /home/rosuser/ros2_ws/install/robot_estimation/lib/robot_estimation\n'}
[0.670382] (robot_estimation) StdoutLine: {'line': b'Installing imu_filter script to /home/rosuser/ros2_ws/install/robot_estimation/lib/robot_estimation\n'}
[0.670541] (robot_estimation) StdoutLine: {'line': b'Installing motion_controller script to /home/rosuser/ros2_ws/install/robot_estimation/lib/robot_estimation\n'}
[0.670670] (robot_estimation) StdoutLine: {'line': b'Installing motion_odometry script to /home/rosuser/ros2_ws/install/robot_estimation/lib/robot_estimation\n'}
[0.670794] (robot_estimation) StdoutLine: {'line': b'Installing wheel_rpm_publisher script to /home/rosuser/ros2_ws/install/robot_estimation/lib/robot_estimation\n'}
[0.671176] (robot_estimation) StdoutLine: {'line': b"writing list of installed files to '/home/rosuser/ros2_ws/build/robot_estimation/install.log'\n"}
[0.686087] (robot_estimation) CommandEnded: {'returncode': 0}
[0.696355] (robot_estimation) JobEnded: {'identifier': 'robot_estimation', 'rc': 0}
[0.697129] (-) EventReactorShutdown: {}
